{"timestamp":"2025-07-23T12:55:33.125189","level":"info","event":"Filling up the DagBag from /opt/airflow/dags/retail_pipeline_assets.py","logger":"airflow.models.dagbag.DagBag"}
{"timestamp":"2025-07-23T12:56:04.430484","level":"info","event":"Filling up the DagBag from /opt/airflow/dags/retail_pipeline_assets.py","logger":"airflow.models.dagbag.DagBag"}
{"timestamp":"2025-07-23T12:56:35.022069","level":"info","event":"Filling up the DagBag from /opt/airflow/dags/retail_pipeline_assets.py","logger":"airflow.models.dagbag.DagBag"}
{"timestamp":"2025-07-23T12:57:05.587897","level":"info","event":"Filling up the DagBag from /opt/airflow/dags/retail_pipeline_assets.py","logger":"airflow.models.dagbag.DagBag"}
{"timestamp":"2025-07-23T12:57:36.339361","level":"info","event":"Filling up the DagBag from /opt/airflow/dags/retail_pipeline_assets.py","logger":"airflow.models.dagbag.DagBag"}
{"timestamp":"2025-07-23T12:58:07.022925","level":"info","event":"Filling up the DagBag from /opt/airflow/dags/retail_pipeline_assets.py","logger":"airflow.models.dagbag.DagBag"}
{"timestamp":"2025-07-23T12:58:37.655741","level":"info","event":"Filling up the DagBag from /opt/airflow/dags/retail_pipeline_assets.py","logger":"airflow.models.dagbag.DagBag"}
{"timestamp":"2025-07-23T12:59:08.301585","level":"info","event":"Filling up the DagBag from /opt/airflow/dags/retail_pipeline_assets.py","logger":"airflow.models.dagbag.DagBag"}
{"timestamp":"2025-07-23T12:59:38.936566","level":"info","event":"Filling up the DagBag from /opt/airflow/dags/retail_pipeline_assets.py","logger":"airflow.models.dagbag.DagBag"}
{"timestamp":"2025-07-23T13:00:09.583868","level":"info","event":"Filling up the DagBag from /opt/airflow/dags/retail_pipeline_assets.py","logger":"airflow.models.dagbag.DagBag"}
{"timestamp":"2025-07-23T13:00:40.223504","level":"info","event":"Filling up the DagBag from /opt/airflow/dags/retail_pipeline_assets.py","logger":"airflow.models.dagbag.DagBag"}
{"timestamp":"2025-07-23T13:01:10.851144","level":"info","event":"Filling up the DagBag from /opt/airflow/dags/retail_pipeline_assets.py","logger":"airflow.models.dagbag.DagBag"}
{"timestamp":"2025-07-23T13:01:42.635698","level":"info","event":"Filling up the DagBag from /opt/airflow/dags/retail_pipeline_assets.py","logger":"airflow.models.dagbag.DagBag"}
{"timestamp":"2025-07-23T13:02:14.401140","level":"info","event":"Filling up the DagBag from /opt/airflow/dags/retail_pipeline_assets.py","logger":"airflow.models.dagbag.DagBag"}
{"timestamp":"2025-07-23T13:02:45.222553","level":"info","event":"Filling up the DagBag from /opt/airflow/dags/retail_pipeline_assets.py","logger":"airflow.models.dagbag.DagBag"}
{"timestamp":"2025-07-23T13:17:53.616641","level":"info","event":"Filling up the DagBag from /opt/airflow/dags/retail_pipeline_assets.py","logger":"airflow.models.dagbag.DagBag"}
{"timestamp":"2025-07-23T14:02:12.314070","level":"info","event":"Filling up the DagBag from /opt/airflow/dags/retail_pipeline_assets.py","logger":"airflow.models.dagbag.DagBag"}
{"timestamp":"2025-07-23T14:25:08.955716","level":"info","event":"Filling up the DagBag from /opt/airflow/dags/retail_pipeline_assets.py","logger":"airflow.models.dagbag.DagBag"}
{"timestamp":"2025-07-23T14:42:23.241913","level":"info","event":"Filling up the DagBag from /opt/airflow/dags/retail_pipeline_assets.py","logger":"airflow.models.dagbag.DagBag"}
{"timestamp":"2025-07-23T14:44:24.628400","level":"info","event":"Filling up the DagBag from /opt/airflow/dags/retail_pipeline_assets.py","logger":"airflow.models.dagbag.DagBag"}
{"timestamp":"2025-07-23T15:08:16.724743","level":"info","event":"Filling up the DagBag from /opt/airflow/dags/retail_pipeline_assets.py","logger":"airflow.models.dagbag.DagBag"}
{"timestamp":"2025-07-23T15:12:20.201570","level":"info","event":"Filling up the DagBag from /opt/airflow/dags/retail_pipeline_assets.py","logger":"airflow.models.dagbag.DagBag"}
{"timestamp":"2025-07-23T15:12:50.584497","level":"info","event":"Filling up the DagBag from /opt/airflow/dags/retail_pipeline_assets.py","logger":"airflow.models.dagbag.DagBag"}
{"timestamp":"2025-07-23T15:15:22.353440","level":"info","event":"Filling up the DagBag from /opt/airflow/dags/retail_pipeline_assets.py","logger":"airflow.models.dagbag.DagBag"}
{"timestamp":"2025-07-23T15:16:23.083472","level":"info","event":"Filling up the DagBag from /opt/airflow/dags/retail_pipeline_assets.py","logger":"airflow.models.dagbag.DagBag"}
{"timestamp":"2025-07-23T15:23:58.717362","level":"info","event":"Filling up the DagBag from /opt/airflow/dags/retail_pipeline_assets.py","logger":"airflow.models.dagbag.DagBag"}
{"timestamp":"2025-07-23T15:38:08.768620","level":"info","event":"Filling up the DagBag from /opt/airflow/dags/retail_pipeline_assets.py","logger":"airflow.models.dagbag.DagBag"}
{"timestamp":"2025-07-23T15:43:12.367902","level":"info","event":"Filling up the DagBag from /opt/airflow/dags/retail_pipeline_assets.py","logger":"airflow.models.dagbag.DagBag"}
{"timestamp":"2025-07-23T15:43:42.724549","level":"info","event":"Filling up the DagBag from /opt/airflow/dags/retail_pipeline_assets.py","logger":"airflow.models.dagbag.DagBag"}
{"timestamp":"2025-07-23T15:44:13.033957","level":"info","event":"Filling up the DagBag from /opt/airflow/dags/retail_pipeline_assets.py","logger":"airflow.models.dagbag.DagBag"}
{"timestamp":"2025-07-23T15:52:49.241792","level":"info","event":"Filling up the DagBag from /opt/airflow/dags/retail_pipeline_assets.py","logger":"airflow.models.dagbag.DagBag"}
{"timestamp":"2025-07-23T15:55:21.198263","level":"info","event":"Filling up the DagBag from /opt/airflow/dags/retail_pipeline_assets.py","logger":"airflow.models.dagbag.DagBag"}
{"timestamp":"2025-07-23T15:55:51.534707","level":"info","event":"Filling up the DagBag from /opt/airflow/dags/retail_pipeline_assets.py","logger":"airflow.models.dagbag.DagBag"}
{"timestamp":"2025-07-23T15:56:21.848530","level":"info","event":"Filling up the DagBag from /opt/airflow/dags/retail_pipeline_assets.py","logger":"airflow.models.dagbag.DagBag"}
{"timestamp":"2025-07-23T15:57:52.976620","level":"info","event":"Filling up the DagBag from /opt/airflow/dags/retail_pipeline_assets.py","logger":"airflow.models.dagbag.DagBag"}
{"timestamp":"2025-07-23T15:58:23.277162","level":"info","event":"Filling up the DagBag from /opt/airflow/dags/retail_pipeline_assets.py","logger":"airflow.models.dagbag.DagBag"}
{"timestamp":"2025-07-23T16:00:24.822125","level":"info","event":"Filling up the DagBag from /opt/airflow/dags/retail_pipeline_assets.py","logger":"airflow.models.dagbag.DagBag"}
{"timestamp":"2025-07-23T16:02:56.798873","level":"info","event":"Filling up the DagBag from /opt/airflow/dags/retail_pipeline_assets.py","logger":"airflow.models.dagbag.DagBag"}
{"timestamp":"2025-07-23T16:08:31.181639","level":"info","event":"Filling up the DagBag from /opt/airflow/dags/retail_pipeline_assets.py","logger":"airflow.models.dagbag.DagBag"}
{"timestamp":"2025-07-23T16:09:01.566544","level":"info","event":"Filling up the DagBag from /opt/airflow/dags/retail_pipeline_assets.py","logger":"airflow.models.dagbag.DagBag"}
{"timestamp":"2025-07-23T16:09:32.015066","level":"info","event":"Filling up the DagBag from /opt/airflow/dags/retail_pipeline_assets.py","logger":"airflow.models.dagbag.DagBag"}
{"timestamp":"2025-07-23T16:10:02.403509","level":"info","event":"Filling up the DagBag from /opt/airflow/dags/retail_pipeline_assets.py","logger":"airflow.models.dagbag.DagBag"}
{"timestamp":"2025-07-23T16:10:32.688658","level":"info","event":"Filling up the DagBag from /opt/airflow/dags/retail_pipeline_assets.py","logger":"airflow.models.dagbag.DagBag"}
{"timestamp":"2025-07-23T16:11:03.031387","level":"info","event":"Filling up the DagBag from /opt/airflow/dags/retail_pipeline_assets.py","logger":"airflow.models.dagbag.DagBag"}
{"timestamp":"2025-07-23T16:12:03.740003","level":"info","event":"Filling up the DagBag from /opt/airflow/dags/retail_pipeline_assets.py","logger":"airflow.models.dagbag.DagBag"}
{"timestamp":"2025-07-23T16:35:26.674968","level":"info","event":"Filling up the DagBag from /opt/airflow/dags/retail_pipeline_assets.py","logger":"airflow.models.dagbag.DagBag"}
{"timestamp":"2025-07-23T16:47:12.397335","level":"info","event":"Filling up the DagBag from /opt/airflow/dags/retail_pipeline_assets.py","logger":"airflow.models.dagbag.DagBag"}
{"timestamp":"2025-07-23T16:51:45.655293","level":"info","event":"Filling up the DagBag from /opt/airflow/dags/retail_pipeline_assets.py","logger":"airflow.models.dagbag.DagBag"}
{"timestamp":"2025-07-23T16:54:53.122014","level":"info","event":"Filling up the DagBag from /opt/airflow/dags/retail_pipeline_assets.py","logger":"airflow.models.dagbag.DagBag"}
{"timestamp":"2025-07-23T16:55:58.852150","level":"info","event":"Filling up the DagBag from /opt/airflow/dags/retail_pipeline_assets.py","logger":"airflow.models.dagbag.DagBag"}
{"timestamp":"2025-07-23T16:56:34.223709","level":"info","event":"Filling up the DagBag from /opt/airflow/dags/retail_pipeline_assets.py","logger":"airflow.models.dagbag.DagBag"}
{"timestamp":"2025-07-23T16:57:04.633789","level":"info","event":"Filling up the DagBag from /opt/airflow/dags/retail_pipeline_assets.py","logger":"airflow.models.dagbag.DagBag"}
{"timestamp":"2025-07-23T16:59:11.041378","level":"info","event":"Filling up the DagBag from /opt/airflow/dags/retail_pipeline_assets.py","logger":"airflow.models.dagbag.DagBag"}
{"timestamp":"2025-07-23T16:59:41.444875","level":"info","event":"Filling up the DagBag from /opt/airflow/dags/retail_pipeline_assets.py","logger":"airflow.models.dagbag.DagBag"}
{"timestamp":"2025-07-23T17:00:11.787545","level":"info","event":"Filling up the DagBag from /opt/airflow/dags/retail_pipeline_assets.py","logger":"airflow.models.dagbag.DagBag"}
{"timestamp":"2025-07-23T17:01:47.822196","level":"info","event":"Filling up the DagBag from /opt/airflow/dags/retail_pipeline_assets.py","logger":"airflow.models.dagbag.DagBag"}
{"timestamp":"2025-07-23T17:02:53.651954","level":"info","event":"Filling up the DagBag from /opt/airflow/dags/retail_pipeline_assets.py","logger":"airflow.models.dagbag.DagBag"}
{"timestamp":"2025-07-23T17:52:34.938256","level":"info","event":"Filling up the DagBag from /opt/airflow/dags/retail_pipeline_assets.py","logger":"airflow.models.dagbag.DagBag"}
{"timestamp":"2025-07-23T19:00:40.763096","level":"info","event":"Filling up the DagBag from /opt/airflow/dags/retail_pipeline_assets.py","logger":"airflow.models.dagbag.DagBag"}
{"timestamp":"2025-07-23T19:04:20.427074","level":"info","event":"Filling up the DagBag from /opt/airflow/dags/retail_pipeline_assets.py","logger":"airflow.models.dagbag.DagBag"}
{"timestamp":"2025-07-23T19:09:04.488309","level":"info","event":"Filling up the DagBag from /opt/airflow/dags/retail_pipeline_assets.py","logger":"airflow.models.dagbag.DagBag"}
{"timestamp":"2025-07-23T19:09:04.974054","level":"error","event":"Failed to import: /opt/airflow/dags/retail_pipeline_assets.py","logger":"airflow.models.dagbag.DagBag","error_detail":[{"exc_type":"TypeError","exc_value":"asset.__init__() got an unexpected keyword argument 'retries'","exc_notes":[],"syntax_error":null,"is_cause":false,"frames":[{"filename":"/home/airflow/.local/lib/python3.12/site-packages/airflow/models/dagbag.py","lineno":384,"name":"parse"},{"filename":"<frozen importlib._bootstrap_external>","lineno":999,"name":"exec_module"},{"filename":"<frozen importlib._bootstrap>","lineno":488,"name":"_call_with_frames_removed"},{"filename":"/opt/airflow/dags/retail_pipeline_assets.py","lineno":30,"name":"<module>"}]}]}
{"timestamp":"2025-07-23T19:09:35.499278","level":"info","event":"Filling up the DagBag from /opt/airflow/dags/retail_pipeline_assets.py","logger":"airflow.models.dagbag.DagBag"}
{"timestamp":"2025-07-23T19:09:35.776568","level":"error","event":"Failed to import: /opt/airflow/dags/retail_pipeline_assets.py","logger":"airflow.models.dagbag.DagBag","error_detail":[{"exc_type":"TypeError","exc_value":"asset.__init__() got an unexpected keyword argument 'retries'","exc_notes":[],"syntax_error":null,"is_cause":false,"frames":[{"filename":"/home/airflow/.local/lib/python3.12/site-packages/airflow/models/dagbag.py","lineno":384,"name":"parse"},{"filename":"<frozen importlib._bootstrap_external>","lineno":999,"name":"exec_module"},{"filename":"<frozen importlib._bootstrap>","lineno":488,"name":"_call_with_frames_removed"},{"filename":"/opt/airflow/dags/retail_pipeline_assets.py","lineno":30,"name":"<module>"}]}]}
{"timestamp":"2025-07-23T19:10:02.180271","level":"info","event":"Filling up the DagBag from /opt/airflow/dags/retail_pipeline_assets.py","logger":"airflow.models.dagbag.DagBag"}
{"timestamp":"2025-07-23T19:10:02.429132","level":"error","event":"Failed to import: /opt/airflow/dags/retail_pipeline_assets.py","logger":"airflow.models.dagbag.DagBag","error_detail":[{"exc_type":"TypeError","exc_value":"asset.__init__() got an unexpected keyword argument 'retries'","exc_notes":[],"syntax_error":null,"is_cause":false,"frames":[{"filename":"/home/airflow/.local/lib/python3.12/site-packages/airflow/models/dagbag.py","lineno":384,"name":"parse"},{"filename":"<frozen importlib._bootstrap_external>","lineno":999,"name":"exec_module"},{"filename":"<frozen importlib._bootstrap>","lineno":488,"name":"_call_with_frames_removed"},{"filename":"/opt/airflow/dags/retail_pipeline_assets.py","lineno":55,"name":"<module>"}]}]}
{"timestamp":"2025-07-23T19:10:07.673462","level":"info","event":"Filling up the DagBag from /opt/airflow/dags/retail_pipeline_assets.py","logger":"airflow.models.dagbag.DagBag"}
{"timestamp":"2025-07-23T19:10:07.871931","level":"error","event":"Failed to import: /opt/airflow/dags/retail_pipeline_assets.py","logger":"airflow.models.dagbag.DagBag","error_detail":[{"exc_type":"TypeError","exc_value":"asset.__init__() got an unexpected keyword argument 'retries'","exc_notes":[],"syntax_error":null,"is_cause":false,"frames":[{"filename":"/home/airflow/.local/lib/python3.12/site-packages/airflow/models/dagbag.py","lineno":384,"name":"parse"},{"filename":"<frozen importlib._bootstrap_external>","lineno":999,"name":"exec_module"},{"filename":"<frozen importlib._bootstrap>","lineno":488,"name":"_call_with_frames_removed"},{"filename":"/opt/airflow/dags/retail_pipeline_assets.py","lineno":55,"name":"<module>"}]}]}
{"timestamp":"2025-07-23T19:10:15.972737","level":"info","event":"Filling up the DagBag from /opt/airflow/dags/retail_pipeline_assets.py","logger":"airflow.models.dagbag.DagBag"}
{"timestamp":"2025-07-23T19:10:16.106585","level":"error","event":"Failed to import: /opt/airflow/dags/retail_pipeline_assets.py","logger":"airflow.models.dagbag.DagBag","error_detail":[{"exc_type":"TypeError","exc_value":"asset.__init__() got an unexpected keyword argument 'retries'","exc_notes":[],"syntax_error":null,"is_cause":false,"frames":[{"filename":"/home/airflow/.local/lib/python3.12/site-packages/airflow/models/dagbag.py","lineno":384,"name":"parse"},{"filename":"<frozen importlib._bootstrap_external>","lineno":999,"name":"exec_module"},{"filename":"<frozen importlib._bootstrap>","lineno":488,"name":"_call_with_frames_removed"},{"filename":"/opt/airflow/dags/retail_pipeline_assets.py","lineno":81,"name":"<module>"}]}]}
{"timestamp":"2025-07-23T19:10:23.202826","level":"info","event":"Filling up the DagBag from /opt/airflow/dags/retail_pipeline_assets.py","logger":"airflow.models.dagbag.DagBag"}
{"timestamp":"2025-07-23T19:10:53.991514","level":"info","event":"Filling up the DagBag from /opt/airflow/dags/retail_pipeline_assets.py","logger":"airflow.models.dagbag.DagBag"}
{"timestamp":"2025-07-23T19:11:24.839061","level":"info","event":"Filling up the DagBag from /opt/airflow/dags/retail_pipeline_assets.py","logger":"airflow.models.dagbag.DagBag"}
{"timestamp":"2025-07-23T19:11:55.604090","level":"info","event":"Filling up the DagBag from /opt/airflow/dags/retail_pipeline_assets.py","logger":"airflow.models.dagbag.DagBag"}
{"timestamp":"2025-07-23T19:12:26.328746","level":"info","event":"Filling up the DagBag from /opt/airflow/dags/retail_pipeline_assets.py","logger":"airflow.models.dagbag.DagBag"}
{"timestamp":"2025-07-23T19:12:57.102379","level":"info","event":"Filling up the DagBag from /opt/airflow/dags/retail_pipeline_assets.py","logger":"airflow.models.dagbag.DagBag"}
{"timestamp":"2025-07-23T19:13:27.930070","level":"info","event":"Filling up the DagBag from /opt/airflow/dags/retail_pipeline_assets.py","logger":"airflow.models.dagbag.DagBag"}
{"timestamp":"2025-07-23T19:13:58.693627","level":"info","event":"Filling up the DagBag from /opt/airflow/dags/retail_pipeline_assets.py","logger":"airflow.models.dagbag.DagBag"}
{"timestamp":"2025-07-23T19:14:29.532721","level":"info","event":"Filling up the DagBag from /opt/airflow/dags/retail_pipeline_assets.py","logger":"airflow.models.dagbag.DagBag"}
{"timestamp":"2025-07-23T19:15:00.269568","level":"info","event":"Filling up the DagBag from /opt/airflow/dags/retail_pipeline_assets.py","logger":"airflow.models.dagbag.DagBag"}
{"timestamp":"2025-07-23T19:15:31.045145","level":"info","event":"Filling up the DagBag from /opt/airflow/dags/retail_pipeline_assets.py","logger":"airflow.models.dagbag.DagBag"}
{"timestamp":"2025-07-23T19:16:01.779036","level":"info","event":"Filling up the DagBag from /opt/airflow/dags/retail_pipeline_assets.py","logger":"airflow.models.dagbag.DagBag"}
{"timestamp":"2025-07-23T19:16:32.585823","level":"info","event":"Filling up the DagBag from /opt/airflow/dags/retail_pipeline_assets.py","logger":"airflow.models.dagbag.DagBag"}
{"timestamp":"2025-07-23T19:16:48.346224","level":"info","event":"Filling up the DagBag from /opt/airflow/dags/retail_pipeline_assets.py","logger":"airflow.models.dagbag.DagBag"}
{"timestamp":"2025-07-23T19:17:12.980613","level":"info","event":"Filling up the DagBag from /opt/airflow/dags/retail_pipeline_assets.py","logger":"airflow.models.dagbag.DagBag"}
{"timestamp":"2025-07-23T19:17:13.235785","level":"info","event":"Executing on_failure dag callback","dag_id":"load_events_summary_to_s3","logger":"task"}
{"timestamp":"2025-07-23T19:17:13.236084Z","level":"info","event":"Failed to load events summary to S3: {}","chan":"stdout","logger":"processor"}
{"timestamp":"2025-07-23T19:17:44.127586","level":"info","event":"Filling up the DagBag from /opt/airflow/dags/retail_pipeline_assets.py","logger":"airflow.models.dagbag.DagBag"}
{"timestamp":"2025-07-23T19:18:15.175081","level":"info","event":"Filling up the DagBag from /opt/airflow/dags/retail_pipeline_assets.py","logger":"airflow.models.dagbag.DagBag"}
{"timestamp":"2025-07-23T19:18:46.170853","level":"info","event":"Filling up the DagBag from /opt/airflow/dags/retail_pipeline_assets.py","logger":"airflow.models.dagbag.DagBag"}
{"timestamp":"2025-07-23T19:19:17.179190","level":"info","event":"Filling up the DagBag from /opt/airflow/dags/retail_pipeline_assets.py","logger":"airflow.models.dagbag.DagBag"}
{"timestamp":"2025-07-23T19:19:48.272590","level":"info","event":"Filling up the DagBag from /opt/airflow/dags/retail_pipeline_assets.py","logger":"airflow.models.dagbag.DagBag"}
{"timestamp":"2025-07-23T19:20:19.233911","level":"info","event":"Filling up the DagBag from /opt/airflow/dags/retail_pipeline_assets.py","logger":"airflow.models.dagbag.DagBag"}
{"timestamp":"2025-07-23T19:20:50.124395","level":"info","event":"Filling up the DagBag from /opt/airflow/dags/retail_pipeline_assets.py","logger":"airflow.models.dagbag.DagBag"}
{"timestamp":"2025-07-23T19:21:20.956166","level":"info","event":"Filling up the DagBag from /opt/airflow/dags/retail_pipeline_assets.py","logger":"airflow.models.dagbag.DagBag"}
{"timestamp":"2025-07-23T19:21:52.058644","level":"info","event":"Filling up the DagBag from /opt/airflow/dags/retail_pipeline_assets.py","logger":"airflow.models.dagbag.DagBag"}
{"timestamp":"2025-07-23T19:22:22.943371","level":"info","event":"Filling up the DagBag from /opt/airflow/dags/retail_pipeline_assets.py","logger":"airflow.models.dagbag.DagBag"}
{"timestamp":"2025-07-23T19:22:53.807836","level":"info","event":"Filling up the DagBag from /opt/airflow/dags/retail_pipeline_assets.py","logger":"airflow.models.dagbag.DagBag"}
{"timestamp":"2025-07-23T19:23:24.779056","level":"info","event":"Filling up the DagBag from /opt/airflow/dags/retail_pipeline_assets.py","logger":"airflow.models.dagbag.DagBag"}
{"timestamp":"2025-07-23T19:23:55.667130","level":"info","event":"Filling up the DagBag from /opt/airflow/dags/retail_pipeline_assets.py","logger":"airflow.models.dagbag.DagBag"}
{"timestamp":"2025-07-23T19:24:26.542321","level":"info","event":"Filling up the DagBag from /opt/airflow/dags/retail_pipeline_assets.py","logger":"airflow.models.dagbag.DagBag"}
{"timestamp":"2025-07-23T19:24:57.466031","level":"info","event":"Filling up the DagBag from /opt/airflow/dags/retail_pipeline_assets.py","logger":"airflow.models.dagbag.DagBag"}
{"timestamp":"2025-07-23T19:25:28.552973","level":"info","event":"Filling up the DagBag from /opt/airflow/dags/retail_pipeline_assets.py","logger":"airflow.models.dagbag.DagBag"}
{"timestamp":"2025-07-23T19:26:18.289210","level":"info","event":"Filling up the DagBag from /opt/airflow/dags/retail_pipeline_assets.py","logger":"airflow.models.dagbag.DagBag"}
{"timestamp":"2025-07-23T19:26:42.122379","level":"info","event":"Filling up the DagBag from /opt/airflow/dags/retail_pipeline_assets.py","logger":"airflow.models.dagbag.DagBag"}
{"timestamp":"2025-07-23T19:26:42.260505","level":"info","event":"Executing on_failure dag callback","dag_id":"load_events_summary_to_s3","logger":"task"}
{"timestamp":"2025-07-23T19:26:42.261242Z","level":"info","event":"Failed to load events summary to S3: {}","chan":"stdout","logger":"processor"}
{"timestamp":"2025-07-23T19:27:12.841629","level":"info","event":"Filling up the DagBag from /opt/airflow/dags/retail_pipeline_assets.py","logger":"airflow.models.dagbag.DagBag"}
{"timestamp":"2025-07-23T19:27:43.773577","level":"info","event":"Filling up the DagBag from /opt/airflow/dags/retail_pipeline_assets.py","logger":"airflow.models.dagbag.DagBag"}
{"timestamp":"2025-07-23T19:28:14.482964","level":"info","event":"Filling up the DagBag from /opt/airflow/dags/retail_pipeline_assets.py","logger":"airflow.models.dagbag.DagBag"}
{"timestamp":"2025-07-23T19:28:36.157081","level":"info","event":"Filling up the DagBag from /opt/airflow/dags/retail_pipeline_assets.py","logger":"airflow.models.dagbag.DagBag"}
{"timestamp":"2025-07-23T19:28:36.390518","level":"info","event":"Executing on_failure dag callback","dag_id":"load_events_summary_to_s3","logger":"task"}
{"timestamp":"2025-07-23T19:28:36.390813Z","level":"info","event":"Failed to load events summary to S3: {}","chan":"stdout","logger":"processor"}
{"timestamp":"2025-07-23T19:29:06.985284","level":"info","event":"Filling up the DagBag from /opt/airflow/dags/retail_pipeline_assets.py","logger":"airflow.models.dagbag.DagBag"}
{"timestamp":"2025-07-23T19:29:37.768805","level":"info","event":"Filling up the DagBag from /opt/airflow/dags/retail_pipeline_assets.py","logger":"airflow.models.dagbag.DagBag"}
{"timestamp":"2025-07-23T19:30:08.492398","level":"info","event":"Filling up the DagBag from /opt/airflow/dags/retail_pipeline_assets.py","logger":"airflow.models.dagbag.DagBag"}
{"timestamp":"2025-07-23T19:30:39.298431","level":"info","event":"Filling up the DagBag from /opt/airflow/dags/retail_pipeline_assets.py","logger":"airflow.models.dagbag.DagBag"}
{"timestamp":"2025-07-23T19:31:10.091093","level":"info","event":"Filling up the DagBag from /opt/airflow/dags/retail_pipeline_assets.py","logger":"airflow.models.dagbag.DagBag"}
{"timestamp":"2025-07-23T19:31:40.774079","level":"info","event":"Filling up the DagBag from /opt/airflow/dags/retail_pipeline_assets.py","logger":"airflow.models.dagbag.DagBag"}
{"timestamp":"2025-07-23T19:32:11.498141","level":"info","event":"Filling up the DagBag from /opt/airflow/dags/retail_pipeline_assets.py","logger":"airflow.models.dagbag.DagBag"}
{"timestamp":"2025-07-23T19:32:31.139978","level":"info","event":"Filling up the DagBag from /opt/airflow/dags/retail_pipeline_assets.py","logger":"airflow.models.dagbag.DagBag"}
{"timestamp":"2025-07-23T19:32:31.144025","level":"error","event":"Failed to import: /opt/airflow/dags/retail_pipeline_assets.py","logger":"airflow.models.dagbag.DagBag","error_detail":[{"exc_type":"SyntaxError","exc_value":"expected ':' (retail_pipeline_assets.py, line 97)","exc_notes":[],"syntax_error":{"offset":58,"filename":"/opt/airflow/dags/retail_pipeline_assets.py","line":"def task_complete_notification(load_events_summary_to_s3)","lineno":97,"msg":"expected ':'"},"is_cause":false,"frames":[{"filename":"/home/airflow/.local/lib/python3.12/site-packages/airflow/models/dagbag.py","lineno":384,"name":"parse"},{"filename":"<frozen importlib._bootstrap_external>","lineno":995,"name":"exec_module"},{"filename":"<frozen importlib._bootstrap_external>","lineno":1133,"name":"get_code"},{"filename":"<frozen importlib._bootstrap_external>","lineno":1063,"name":"source_to_code"},{"filename":"<frozen importlib._bootstrap>","lineno":488,"name":"_call_with_frames_removed"}]}]}
{"timestamp":"2025-07-23T19:33:01.683589","level":"info","event":"Filling up the DagBag from /opt/airflow/dags/retail_pipeline_assets.py","logger":"airflow.models.dagbag.DagBag"}
{"timestamp":"2025-07-23T19:33:01.688267","level":"error","event":"Failed to import: /opt/airflow/dags/retail_pipeline_assets.py","logger":"airflow.models.dagbag.DagBag","error_detail":[{"exc_type":"SyntaxError","exc_value":"expected ':' (retail_pipeline_assets.py, line 97)","exc_notes":[],"syntax_error":{"offset":58,"filename":"/opt/airflow/dags/retail_pipeline_assets.py","line":"def task_complete_notification(load_events_summary_to_s3)","lineno":97,"msg":"expected ':'"},"is_cause":false,"frames":[{"filename":"/home/airflow/.local/lib/python3.12/site-packages/airflow/models/dagbag.py","lineno":384,"name":"parse"},{"filename":"<frozen importlib._bootstrap_external>","lineno":995,"name":"exec_module"},{"filename":"<frozen importlib._bootstrap_external>","lineno":1133,"name":"get_code"},{"filename":"<frozen importlib._bootstrap_external>","lineno":1063,"name":"source_to_code"},{"filename":"<frozen importlib._bootstrap>","lineno":488,"name":"_call_with_frames_removed"}]}]}
{"timestamp":"2025-07-23T19:33:32.239079","level":"info","event":"Filling up the DagBag from /opt/airflow/dags/retail_pipeline_assets.py","logger":"airflow.models.dagbag.DagBag"}
{"timestamp":"2025-07-23T19:33:32.242959","level":"error","event":"Failed to import: /opt/airflow/dags/retail_pipeline_assets.py","logger":"airflow.models.dagbag.DagBag","error_detail":[{"exc_type":"SyntaxError","exc_value":"expected ':' (retail_pipeline_assets.py, line 97)","exc_notes":[],"syntax_error":{"offset":58,"filename":"/opt/airflow/dags/retail_pipeline_assets.py","line":"def task_complete_notification(load_events_summary_to_s3)","lineno":97,"msg":"expected ':'"},"is_cause":false,"frames":[{"filename":"/home/airflow/.local/lib/python3.12/site-packages/airflow/models/dagbag.py","lineno":384,"name":"parse"},{"filename":"<frozen importlib._bootstrap_external>","lineno":995,"name":"exec_module"},{"filename":"<frozen importlib._bootstrap_external>","lineno":1133,"name":"get_code"},{"filename":"<frozen importlib._bootstrap_external>","lineno":1063,"name":"source_to_code"},{"filename":"<frozen importlib._bootstrap>","lineno":488,"name":"_call_with_frames_removed"}]}]}
{"timestamp":"2025-07-23T19:34:02.749636","level":"info","event":"Filling up the DagBag from /opt/airflow/dags/retail_pipeline_assets.py","logger":"airflow.models.dagbag.DagBag"}
{"timestamp":"2025-07-23T19:34:02.753961","level":"error","event":"Failed to import: /opt/airflow/dags/retail_pipeline_assets.py","logger":"airflow.models.dagbag.DagBag","error_detail":[{"exc_type":"SyntaxError","exc_value":"expected ':' (retail_pipeline_assets.py, line 97)","exc_notes":[],"syntax_error":{"offset":58,"filename":"/opt/airflow/dags/retail_pipeline_assets.py","line":"def task_complete_notification(load_events_summary_to_s3)","lineno":97,"msg":"expected ':'"},"is_cause":false,"frames":[{"filename":"/home/airflow/.local/lib/python3.12/site-packages/airflow/models/dagbag.py","lineno":384,"name":"parse"},{"filename":"<frozen importlib._bootstrap_external>","lineno":995,"name":"exec_module"},{"filename":"<frozen importlib._bootstrap_external>","lineno":1133,"name":"get_code"},{"filename":"<frozen importlib._bootstrap_external>","lineno":1063,"name":"source_to_code"},{"filename":"<frozen importlib._bootstrap>","lineno":488,"name":"_call_with_frames_removed"}]}]}
{"timestamp":"2025-07-23T19:34:33.241026","level":"info","event":"Filling up the DagBag from /opt/airflow/dags/retail_pipeline_assets.py","logger":"airflow.models.dagbag.DagBag"}
{"timestamp":"2025-07-23T19:34:33.244720","level":"error","event":"Failed to import: /opt/airflow/dags/retail_pipeline_assets.py","logger":"airflow.models.dagbag.DagBag","error_detail":[{"exc_type":"SyntaxError","exc_value":"expected ':' (retail_pipeline_assets.py, line 97)","exc_notes":[],"syntax_error":{"offset":58,"filename":"/opt/airflow/dags/retail_pipeline_assets.py","line":"def task_complete_notification(load_events_summary_to_s3)","lineno":97,"msg":"expected ':'"},"is_cause":false,"frames":[{"filename":"/home/airflow/.local/lib/python3.12/site-packages/airflow/models/dagbag.py","lineno":384,"name":"parse"},{"filename":"<frozen importlib._bootstrap_external>","lineno":995,"name":"exec_module"},{"filename":"<frozen importlib._bootstrap_external>","lineno":1133,"name":"get_code"},{"filename":"<frozen importlib._bootstrap_external>","lineno":1063,"name":"source_to_code"},{"filename":"<frozen importlib._bootstrap>","lineno":488,"name":"_call_with_frames_removed"}]}]}
{"timestamp":"2025-07-23T19:35:03.752209","level":"info","event":"Filling up the DagBag from /opt/airflow/dags/retail_pipeline_assets.py","logger":"airflow.models.dagbag.DagBag"}
{"timestamp":"2025-07-23T19:35:03.756006","level":"error","event":"Failed to import: /opt/airflow/dags/retail_pipeline_assets.py","logger":"airflow.models.dagbag.DagBag","error_detail":[{"exc_type":"SyntaxError","exc_value":"expected ':' (retail_pipeline_assets.py, line 97)","exc_notes":[],"syntax_error":{"offset":58,"filename":"/opt/airflow/dags/retail_pipeline_assets.py","line":"def task_complete_notification(load_events_summary_to_s3)","lineno":97,"msg":"expected ':'"},"is_cause":false,"frames":[{"filename":"/home/airflow/.local/lib/python3.12/site-packages/airflow/models/dagbag.py","lineno":384,"name":"parse"},{"filename":"<frozen importlib._bootstrap_external>","lineno":995,"name":"exec_module"},{"filename":"<frozen importlib._bootstrap_external>","lineno":1133,"name":"get_code"},{"filename":"<frozen importlib._bootstrap_external>","lineno":1063,"name":"source_to_code"},{"filename":"<frozen importlib._bootstrap>","lineno":488,"name":"_call_with_frames_removed"}]}]}
{"timestamp":"2025-07-23T19:35:34.268931","level":"info","event":"Filling up the DagBag from /opt/airflow/dags/retail_pipeline_assets.py","logger":"airflow.models.dagbag.DagBag"}
{"timestamp":"2025-07-23T19:35:34.272186","level":"error","event":"Failed to import: /opt/airflow/dags/retail_pipeline_assets.py","logger":"airflow.models.dagbag.DagBag","error_detail":[{"exc_type":"SyntaxError","exc_value":"expected ':' (retail_pipeline_assets.py, line 97)","exc_notes":[],"syntax_error":{"offset":58,"filename":"/opt/airflow/dags/retail_pipeline_assets.py","line":"def task_complete_notification(load_events_summary_to_s3)","lineno":97,"msg":"expected ':'"},"is_cause":false,"frames":[{"filename":"/home/airflow/.local/lib/python3.12/site-packages/airflow/models/dagbag.py","lineno":384,"name":"parse"},{"filename":"<frozen importlib._bootstrap_external>","lineno":995,"name":"exec_module"},{"filename":"<frozen importlib._bootstrap_external>","lineno":1133,"name":"get_code"},{"filename":"<frozen importlib._bootstrap_external>","lineno":1063,"name":"source_to_code"},{"filename":"<frozen importlib._bootstrap>","lineno":488,"name":"_call_with_frames_removed"}]}]}
{"timestamp":"2025-07-23T19:36:04.812371","level":"info","event":"Filling up the DagBag from /opt/airflow/dags/retail_pipeline_assets.py","logger":"airflow.models.dagbag.DagBag"}
{"timestamp":"2025-07-23T19:36:04.815940","level":"error","event":"Failed to import: /opt/airflow/dags/retail_pipeline_assets.py","logger":"airflow.models.dagbag.DagBag","error_detail":[{"exc_type":"SyntaxError","exc_value":"expected ':' (retail_pipeline_assets.py, line 97)","exc_notes":[],"syntax_error":{"offset":58,"filename":"/opt/airflow/dags/retail_pipeline_assets.py","line":"def task_complete_notification(load_events_summary_to_s3)","lineno":97,"msg":"expected ':'"},"is_cause":false,"frames":[{"filename":"/home/airflow/.local/lib/python3.12/site-packages/airflow/models/dagbag.py","lineno":384,"name":"parse"},{"filename":"<frozen importlib._bootstrap_external>","lineno":995,"name":"exec_module"},{"filename":"<frozen importlib._bootstrap_external>","lineno":1133,"name":"get_code"},{"filename":"<frozen importlib._bootstrap_external>","lineno":1063,"name":"source_to_code"},{"filename":"<frozen importlib._bootstrap>","lineno":488,"name":"_call_with_frames_removed"}]}]}
{"timestamp":"2025-07-23T19:36:35.236423","level":"info","event":"Filling up the DagBag from /opt/airflow/dags/retail_pipeline_assets.py","logger":"airflow.models.dagbag.DagBag"}
{"timestamp":"2025-07-23T19:36:35.241168","level":"error","event":"Failed to import: /opt/airflow/dags/retail_pipeline_assets.py","logger":"airflow.models.dagbag.DagBag","error_detail":[{"exc_type":"SyntaxError","exc_value":"expected ':' (retail_pipeline_assets.py, line 97)","exc_notes":[],"syntax_error":{"offset":58,"filename":"/opt/airflow/dags/retail_pipeline_assets.py","line":"def task_complete_notification(load_events_summary_to_s3)","lineno":97,"msg":"expected ':'"},"is_cause":false,"frames":[{"filename":"/home/airflow/.local/lib/python3.12/site-packages/airflow/models/dagbag.py","lineno":384,"name":"parse"},{"filename":"<frozen importlib._bootstrap_external>","lineno":995,"name":"exec_module"},{"filename":"<frozen importlib._bootstrap_external>","lineno":1133,"name":"get_code"},{"filename":"<frozen importlib._bootstrap_external>","lineno":1063,"name":"source_to_code"},{"filename":"<frozen importlib._bootstrap>","lineno":488,"name":"_call_with_frames_removed"}]}]}
{"timestamp":"2025-07-23T19:37:05.801176","level":"info","event":"Filling up the DagBag from /opt/airflow/dags/retail_pipeline_assets.py","logger":"airflow.models.dagbag.DagBag"}
{"timestamp":"2025-07-23T19:37:05.806094","level":"error","event":"Failed to import: /opt/airflow/dags/retail_pipeline_assets.py","logger":"airflow.models.dagbag.DagBag","error_detail":[{"exc_type":"SyntaxError","exc_value":"expected ':' (retail_pipeline_assets.py, line 97)","exc_notes":[],"syntax_error":{"offset":58,"filename":"/opt/airflow/dags/retail_pipeline_assets.py","line":"def task_complete_notification(load_events_summary_to_s3)","lineno":97,"msg":"expected ':'"},"is_cause":false,"frames":[{"filename":"/home/airflow/.local/lib/python3.12/site-packages/airflow/models/dagbag.py","lineno":384,"name":"parse"},{"filename":"<frozen importlib._bootstrap_external>","lineno":995,"name":"exec_module"},{"filename":"<frozen importlib._bootstrap_external>","lineno":1133,"name":"get_code"},{"filename":"<frozen importlib._bootstrap_external>","lineno":1063,"name":"source_to_code"},{"filename":"<frozen importlib._bootstrap>","lineno":488,"name":"_call_with_frames_removed"}]}]}
{"timestamp":"2025-07-23T19:37:36.331520","level":"info","event":"Filling up the DagBag from /opt/airflow/dags/retail_pipeline_assets.py","logger":"airflow.models.dagbag.DagBag"}
{"timestamp":"2025-07-23T19:37:36.334738","level":"error","event":"Failed to import: /opt/airflow/dags/retail_pipeline_assets.py","logger":"airflow.models.dagbag.DagBag","error_detail":[{"exc_type":"SyntaxError","exc_value":"expected ':' (retail_pipeline_assets.py, line 97)","exc_notes":[],"syntax_error":{"offset":58,"filename":"/opt/airflow/dags/retail_pipeline_assets.py","line":"def task_complete_notification(load_events_summary_to_s3)","lineno":97,"msg":"expected ':'"},"is_cause":false,"frames":[{"filename":"/home/airflow/.local/lib/python3.12/site-packages/airflow/models/dagbag.py","lineno":384,"name":"parse"},{"filename":"<frozen importlib._bootstrap_external>","lineno":995,"name":"exec_module"},{"filename":"<frozen importlib._bootstrap_external>","lineno":1133,"name":"get_code"},{"filename":"<frozen importlib._bootstrap_external>","lineno":1063,"name":"source_to_code"},{"filename":"<frozen importlib._bootstrap>","lineno":488,"name":"_call_with_frames_removed"}]}]}
{"timestamp":"2025-07-23T19:38:06.829196","level":"info","event":"Filling up the DagBag from /opt/airflow/dags/retail_pipeline_assets.py","logger":"airflow.models.dagbag.DagBag"}
{"timestamp":"2025-07-23T19:38:06.833836","level":"error","event":"Failed to import: /opt/airflow/dags/retail_pipeline_assets.py","logger":"airflow.models.dagbag.DagBag","error_detail":[{"exc_type":"SyntaxError","exc_value":"expected ':' (retail_pipeline_assets.py, line 97)","exc_notes":[],"syntax_error":{"offset":58,"filename":"/opt/airflow/dags/retail_pipeline_assets.py","line":"def task_complete_notification(load_events_summary_to_s3)","lineno":97,"msg":"expected ':'"},"is_cause":false,"frames":[{"filename":"/home/airflow/.local/lib/python3.12/site-packages/airflow/models/dagbag.py","lineno":384,"name":"parse"},{"filename":"<frozen importlib._bootstrap_external>","lineno":995,"name":"exec_module"},{"filename":"<frozen importlib._bootstrap_external>","lineno":1133,"name":"get_code"},{"filename":"<frozen importlib._bootstrap_external>","lineno":1063,"name":"source_to_code"},{"filename":"<frozen importlib._bootstrap>","lineno":488,"name":"_call_with_frames_removed"}]}]}
{"timestamp":"2025-07-23T19:38:37.438960","level":"info","event":"Filling up the DagBag from /opt/airflow/dags/retail_pipeline_assets.py","logger":"airflow.models.dagbag.DagBag"}
{"timestamp":"2025-07-23T19:38:37.443983","level":"error","event":"Failed to import: /opt/airflow/dags/retail_pipeline_assets.py","logger":"airflow.models.dagbag.DagBag","error_detail":[{"exc_type":"SyntaxError","exc_value":"expected ':' (retail_pipeline_assets.py, line 97)","exc_notes":[],"syntax_error":{"offset":58,"filename":"/opt/airflow/dags/retail_pipeline_assets.py","line":"def task_complete_notification(load_events_summary_to_s3)","lineno":97,"msg":"expected ':'"},"is_cause":false,"frames":[{"filename":"/home/airflow/.local/lib/python3.12/site-packages/airflow/models/dagbag.py","lineno":384,"name":"parse"},{"filename":"<frozen importlib._bootstrap_external>","lineno":995,"name":"exec_module"},{"filename":"<frozen importlib._bootstrap_external>","lineno":1133,"name":"get_code"},{"filename":"<frozen importlib._bootstrap_external>","lineno":1063,"name":"source_to_code"},{"filename":"<frozen importlib._bootstrap>","lineno":488,"name":"_call_with_frames_removed"}]}]}
{"timestamp":"2025-07-23T19:39:07.890243","level":"info","event":"Filling up the DagBag from /opt/airflow/dags/retail_pipeline_assets.py","logger":"airflow.models.dagbag.DagBag"}
{"timestamp":"2025-07-23T19:39:07.895184","level":"error","event":"Failed to import: /opt/airflow/dags/retail_pipeline_assets.py","logger":"airflow.models.dagbag.DagBag","error_detail":[{"exc_type":"SyntaxError","exc_value":"expected ':' (retail_pipeline_assets.py, line 97)","exc_notes":[],"syntax_error":{"offset":58,"filename":"/opt/airflow/dags/retail_pipeline_assets.py","line":"def task_complete_notification(load_events_summary_to_s3)","lineno":97,"msg":"expected ':'"},"is_cause":false,"frames":[{"filename":"/home/airflow/.local/lib/python3.12/site-packages/airflow/models/dagbag.py","lineno":384,"name":"parse"},{"filename":"<frozen importlib._bootstrap_external>","lineno":995,"name":"exec_module"},{"filename":"<frozen importlib._bootstrap_external>","lineno":1133,"name":"get_code"},{"filename":"<frozen importlib._bootstrap_external>","lineno":1063,"name":"source_to_code"},{"filename":"<frozen importlib._bootstrap>","lineno":488,"name":"_call_with_frames_removed"}]}]}
{"timestamp":"2025-07-23T19:39:38.511132","level":"info","event":"Filling up the DagBag from /opt/airflow/dags/retail_pipeline_assets.py","logger":"airflow.models.dagbag.DagBag"}
{"timestamp":"2025-07-23T19:39:38.516285","level":"error","event":"Failed to import: /opt/airflow/dags/retail_pipeline_assets.py","logger":"airflow.models.dagbag.DagBag","error_detail":[{"exc_type":"SyntaxError","exc_value":"expected ':' (retail_pipeline_assets.py, line 97)","exc_notes":[],"syntax_error":{"offset":58,"filename":"/opt/airflow/dags/retail_pipeline_assets.py","line":"def task_complete_notification(load_events_summary_to_s3)","lineno":97,"msg":"expected ':'"},"is_cause":false,"frames":[{"filename":"/home/airflow/.local/lib/python3.12/site-packages/airflow/models/dagbag.py","lineno":384,"name":"parse"},{"filename":"<frozen importlib._bootstrap_external>","lineno":995,"name":"exec_module"},{"filename":"<frozen importlib._bootstrap_external>","lineno":1133,"name":"get_code"},{"filename":"<frozen importlib._bootstrap_external>","lineno":1063,"name":"source_to_code"},{"filename":"<frozen importlib._bootstrap>","lineno":488,"name":"_call_with_frames_removed"}]}]}
{"timestamp":"2025-07-23T19:40:09.095308","level":"info","event":"Filling up the DagBag from /opt/airflow/dags/retail_pipeline_assets.py","logger":"airflow.models.dagbag.DagBag"}
{"timestamp":"2025-07-23T19:40:09.098293","level":"error","event":"Failed to import: /opt/airflow/dags/retail_pipeline_assets.py","logger":"airflow.models.dagbag.DagBag","error_detail":[{"exc_type":"SyntaxError","exc_value":"expected ':' (retail_pipeline_assets.py, line 97)","exc_notes":[],"syntax_error":{"offset":58,"filename":"/opt/airflow/dags/retail_pipeline_assets.py","line":"def task_complete_notification(load_events_summary_to_s3)","lineno":97,"msg":"expected ':'"},"is_cause":false,"frames":[{"filename":"/home/airflow/.local/lib/python3.12/site-packages/airflow/models/dagbag.py","lineno":384,"name":"parse"},{"filename":"<frozen importlib._bootstrap_external>","lineno":995,"name":"exec_module"},{"filename":"<frozen importlib._bootstrap_external>","lineno":1133,"name":"get_code"},{"filename":"<frozen importlib._bootstrap_external>","lineno":1063,"name":"source_to_code"},{"filename":"<frozen importlib._bootstrap>","lineno":488,"name":"_call_with_frames_removed"}]}]}
{"timestamp":"2025-07-23T19:40:11.173821","level":"info","event":"Filling up the DagBag from /opt/airflow/dags/retail_pipeline_assets.py","logger":"airflow.models.dagbag.DagBag"}
{"timestamp":"2025-07-23T19:40:11.178147","level":"error","event":"Failed to import: /opt/airflow/dags/retail_pipeline_assets.py","logger":"airflow.models.dagbag.DagBag","error_detail":[{"exc_type":"SyntaxError","exc_value":"expected ':' (retail_pipeline_assets.py, line 97)","exc_notes":[],"syntax_error":{"offset":58,"filename":"/opt/airflow/dags/retail_pipeline_assets.py","line":"def task_complete_notification(load_events_summary_to_s3)\n","lineno":97,"msg":"expected ':'"},"is_cause":false,"frames":[{"filename":"/home/airflow/.local/lib/python3.12/site-packages/airflow/models/dagbag.py","lineno":384,"name":"parse"},{"filename":"<frozen importlib._bootstrap_external>","lineno":995,"name":"exec_module"},{"filename":"<frozen importlib._bootstrap_external>","lineno":1133,"name":"get_code"},{"filename":"<frozen importlib._bootstrap_external>","lineno":1063,"name":"source_to_code"},{"filename":"<frozen importlib._bootstrap>","lineno":488,"name":"_call_with_frames_removed"}]}]}
{"timestamp":"2025-07-23T19:40:16.284207","level":"info","event":"Filling up the DagBag from /opt/airflow/dags/retail_pipeline_assets.py","logger":"airflow.models.dagbag.DagBag"}
{"timestamp":"2025-07-23T19:40:16.288439","level":"error","event":"Failed to import: /opt/airflow/dags/retail_pipeline_assets.py","logger":"airflow.models.dagbag.DagBag","error_detail":[{"exc_type":"SyntaxError","exc_value":"expected ':' (retail_pipeline_assets.py, line 97)","exc_notes":[],"syntax_error":{"offset":58,"filename":"/opt/airflow/dags/retail_pipeline_assets.py","line":"def task_complete_notification(load_events_summary_to_s3)\n","lineno":97,"msg":"expected ':'"},"is_cause":false,"frames":[{"filename":"/home/airflow/.local/lib/python3.12/site-packages/airflow/models/dagbag.py","lineno":384,"name":"parse"},{"filename":"<frozen importlib._bootstrap_external>","lineno":995,"name":"exec_module"},{"filename":"<frozen importlib._bootstrap_external>","lineno":1133,"name":"get_code"},{"filename":"<frozen importlib._bootstrap_external>","lineno":1063,"name":"source_to_code"},{"filename":"<frozen importlib._bootstrap>","lineno":488,"name":"_call_with_frames_removed"}]}]}
{"timestamp":"2025-07-23T19:40:46.955008","level":"info","event":"Filling up the DagBag from /opt/airflow/dags/retail_pipeline_assets.py","logger":"airflow.models.dagbag.DagBag"}
{"timestamp":"2025-07-23T19:40:46.958637","level":"error","event":"Failed to import: /opt/airflow/dags/retail_pipeline_assets.py","logger":"airflow.models.dagbag.DagBag","error_detail":[{"exc_type":"SyntaxError","exc_value":"expected ':' (retail_pipeline_assets.py, line 97)","exc_notes":[],"syntax_error":{"offset":58,"filename":"/opt/airflow/dags/retail_pipeline_assets.py","line":"def task_complete_notification(load_events_summary_to_s3)\n","lineno":97,"msg":"expected ':'"},"is_cause":false,"frames":[{"filename":"/home/airflow/.local/lib/python3.12/site-packages/airflow/models/dagbag.py","lineno":384,"name":"parse"},{"filename":"<frozen importlib._bootstrap_external>","lineno":995,"name":"exec_module"},{"filename":"<frozen importlib._bootstrap_external>","lineno":1133,"name":"get_code"},{"filename":"<frozen importlib._bootstrap_external>","lineno":1063,"name":"source_to_code"},{"filename":"<frozen importlib._bootstrap>","lineno":488,"name":"_call_with_frames_removed"}]}]}
{"timestamp":"2025-07-23T19:41:17.542040","level":"info","event":"Filling up the DagBag from /opt/airflow/dags/retail_pipeline_assets.py","logger":"airflow.models.dagbag.DagBag"}
{"timestamp":"2025-07-23T19:41:17.545337","level":"error","event":"Failed to import: /opt/airflow/dags/retail_pipeline_assets.py","logger":"airflow.models.dagbag.DagBag","error_detail":[{"exc_type":"SyntaxError","exc_value":"expected ':' (retail_pipeline_assets.py, line 97)","exc_notes":[],"syntax_error":{"offset":58,"filename":"/opt/airflow/dags/retail_pipeline_assets.py","line":"def task_complete_notification(load_events_summary_to_s3)\n","lineno":97,"msg":"expected ':'"},"is_cause":false,"frames":[{"filename":"/home/airflow/.local/lib/python3.12/site-packages/airflow/models/dagbag.py","lineno":384,"name":"parse"},{"filename":"<frozen importlib._bootstrap_external>","lineno":995,"name":"exec_module"},{"filename":"<frozen importlib._bootstrap_external>","lineno":1133,"name":"get_code"},{"filename":"<frozen importlib._bootstrap_external>","lineno":1063,"name":"source_to_code"},{"filename":"<frozen importlib._bootstrap>","lineno":488,"name":"_call_with_frames_removed"}]}]}
{"timestamp":"2025-07-23T19:41:48.130607","level":"info","event":"Filling up the DagBag from /opt/airflow/dags/retail_pipeline_assets.py","logger":"airflow.models.dagbag.DagBag"}
{"timestamp":"2025-07-23T19:41:48.133085","level":"error","event":"Failed to import: /opt/airflow/dags/retail_pipeline_assets.py","logger":"airflow.models.dagbag.DagBag","error_detail":[{"exc_type":"SyntaxError","exc_value":"expected ':' (retail_pipeline_assets.py, line 97)","exc_notes":[],"syntax_error":{"offset":58,"filename":"/opt/airflow/dags/retail_pipeline_assets.py","line":"def task_complete_notification(load_events_summary_to_s3)\n","lineno":97,"msg":"expected ':'"},"is_cause":false,"frames":[{"filename":"/home/airflow/.local/lib/python3.12/site-packages/airflow/models/dagbag.py","lineno":384,"name":"parse"},{"filename":"<frozen importlib._bootstrap_external>","lineno":995,"name":"exec_module"},{"filename":"<frozen importlib._bootstrap_external>","lineno":1133,"name":"get_code"},{"filename":"<frozen importlib._bootstrap_external>","lineno":1063,"name":"source_to_code"},{"filename":"<frozen importlib._bootstrap>","lineno":488,"name":"_call_with_frames_removed"}]}]}
{"timestamp":"2025-07-23T19:42:09.398655","level":"info","event":"Filling up the DagBag from /opt/airflow/dags/retail_pipeline_assets.py","logger":"airflow.models.dagbag.DagBag"}
{"timestamp":"2025-07-23T19:42:09.402047","level":"error","event":"Failed to import: /opt/airflow/dags/retail_pipeline_assets.py","logger":"airflow.models.dagbag.DagBag","error_detail":[{"exc_type":"SyntaxError","exc_value":"expected ':' (retail_pipeline_assets.py, line 97)","exc_notes":[],"syntax_error":{"offset":58,"filename":"/opt/airflow/dags/retail_pipeline_assets.py","line":"def task_complete_notification(load_events_summary_to_s3)\n","lineno":97,"msg":"expected ':'"},"is_cause":false,"frames":[{"filename":"/home/airflow/.local/lib/python3.12/site-packages/airflow/models/dagbag.py","lineno":384,"name":"parse"},{"filename":"<frozen importlib._bootstrap_external>","lineno":995,"name":"exec_module"},{"filename":"<frozen importlib._bootstrap_external>","lineno":1133,"name":"get_code"},{"filename":"<frozen importlib._bootstrap_external>","lineno":1063,"name":"source_to_code"},{"filename":"<frozen importlib._bootstrap>","lineno":488,"name":"_call_with_frames_removed"}]}]}
{"timestamp":"2025-07-23T19:42:23.890197","level":"info","event":"Filling up the DagBag from /opt/airflow/dags/retail_pipeline_assets.py","logger":"airflow.models.dagbag.DagBag"}
{"timestamp":"2025-07-23T19:42:23.895288","level":"error","event":"Failed to import: /opt/airflow/dags/retail_pipeline_assets.py","logger":"airflow.models.dagbag.DagBag","error_detail":[{"exc_type":"SyntaxError","exc_value":"expected ':' (retail_pipeline_assets.py, line 97)","exc_notes":[],"syntax_error":{"offset":58,"filename":"/opt/airflow/dags/retail_pipeline_assets.py","line":"def task_complete_notification(load_events_summary_to_s3)\n","lineno":97,"msg":"expected ':'"},"is_cause":false,"frames":[{"filename":"/home/airflow/.local/lib/python3.12/site-packages/airflow/models/dagbag.py","lineno":384,"name":"parse"},{"filename":"<frozen importlib._bootstrap_external>","lineno":995,"name":"exec_module"},{"filename":"<frozen importlib._bootstrap_external>","lineno":1133,"name":"get_code"},{"filename":"<frozen importlib._bootstrap_external>","lineno":1063,"name":"source_to_code"},{"filename":"<frozen importlib._bootstrap>","lineno":488,"name":"_call_with_frames_removed"}]}]}
{"timestamp":"2025-07-23T19:42:45.453089","level":"info","event":"Filling up the DagBag from /opt/airflow/dags/retail_pipeline_assets.py","logger":"airflow.models.dagbag.DagBag"}
{"timestamp":"2025-07-23T19:42:45.456502","level":"error","event":"Failed to import: /opt/airflow/dags/retail_pipeline_assets.py","logger":"airflow.models.dagbag.DagBag","error_detail":[{"exc_type":"SyntaxError","exc_value":"expected ':' (retail_pipeline_assets.py, line 97)","exc_notes":[],"syntax_error":{"offset":58,"filename":"/opt/airflow/dags/retail_pipeline_assets.py","line":"def task_complete_notification(load_events_summary_to_s3)\n","lineno":97,"msg":"expected ':'"},"is_cause":false,"frames":[{"filename":"/home/airflow/.local/lib/python3.12/site-packages/airflow/models/dagbag.py","lineno":384,"name":"parse"},{"filename":"<frozen importlib._bootstrap_external>","lineno":995,"name":"exec_module"},{"filename":"<frozen importlib._bootstrap_external>","lineno":1133,"name":"get_code"},{"filename":"<frozen importlib._bootstrap_external>","lineno":1063,"name":"source_to_code"},{"filename":"<frozen importlib._bootstrap>","lineno":488,"name":"_call_with_frames_removed"}]}]}
{"timestamp":"2025-07-23T19:42:49.526392","level":"info","event":"Filling up the DagBag from /opt/airflow/dags/retail_pipeline_assets.py","logger":"airflow.models.dagbag.DagBag"}
{"timestamp":"2025-07-23T19:42:49.753050","level":"error","event":"Failed to import: /opt/airflow/dags/retail_pipeline_assets.py","logger":"airflow.models.dagbag.DagBag","error_detail":[{"exc_type":"NameError","exc_value":"name 'task' is not defined","exc_notes":[],"syntax_error":null,"is_cause":false,"frames":[{"filename":"/home/airflow/.local/lib/python3.12/site-packages/airflow/models/dagbag.py","lineno":384,"name":"parse"},{"filename":"<frozen importlib._bootstrap_external>","lineno":999,"name":"exec_module"},{"filename":"<frozen importlib._bootstrap>","lineno":488,"name":"_call_with_frames_removed"},{"filename":"/opt/airflow/dags/retail_pipeline_assets.py","lineno":96,"name":"<module>"}]}]}
{"timestamp":"2025-07-23T19:43:12.001388","level":"info","event":"Filling up the DagBag from /opt/airflow/dags/retail_pipeline_assets.py","logger":"airflow.models.dagbag.DagBag"}
{"timestamp":"2025-07-23T19:43:42.677372","level":"info","event":"Filling up the DagBag from /opt/airflow/dags/retail_pipeline_assets.py","logger":"airflow.models.dagbag.DagBag"}
{"timestamp":"2025-07-23T19:44:11.200330","level":"info","event":"Filling up the DagBag from /opt/airflow/dags/retail_pipeline_assets.py","logger":"airflow.models.dagbag.DagBag"}
{"timestamp":"2025-07-23T19:44:11.506162","level":"error","event":"Failed to import: /opt/airflow/dags/retail_pipeline_assets.py","logger":"airflow.models.dagbag.DagBag","error_detail":[{"exc_type":"TypeError","exc_value":"'AssetDefinition' object is not callable","exc_notes":[],"syntax_error":null,"is_cause":false,"frames":[{"filename":"/home/airflow/.local/lib/python3.12/site-packages/airflow/models/dagbag.py","lineno":384,"name":"parse"},{"filename":"<frozen importlib._bootstrap_external>","lineno":999,"name":"exec_module"},{"filename":"<frozen importlib._bootstrap>","lineno":488,"name":"_call_with_frames_removed"},{"filename":"/opt/airflow/dags/retail_pipeline_assets.py","lineno":113,"name":"<module>"},{"filename":"/home/airflow/.local/lib/python3.12/site-packages/airflow/sdk/definitions/dag.py","lineno":1138,"name":"factory"},{"filename":"/opt/airflow/dags/retail_pipeline_assets.py","lineno":107,"name":"retail_pipeline"}]}]}
{"timestamp":"2025-07-23T19:44:42.232815","level":"info","event":"Filling up the DagBag from /opt/airflow/dags/retail_pipeline_assets.py","logger":"airflow.models.dagbag.DagBag"}
{"timestamp":"2025-07-23T19:44:42.664779","level":"error","event":"Failed to import: /opt/airflow/dags/retail_pipeline_assets.py","logger":"airflow.models.dagbag.DagBag","error_detail":[{"exc_type":"TypeError","exc_value":"'AssetDefinition' object is not callable","exc_notes":[],"syntax_error":null,"is_cause":false,"frames":[{"filename":"/home/airflow/.local/lib/python3.12/site-packages/airflow/models/dagbag.py","lineno":384,"name":"parse"},{"filename":"<frozen importlib._bootstrap_external>","lineno":999,"name":"exec_module"},{"filename":"<frozen importlib._bootstrap>","lineno":488,"name":"_call_with_frames_removed"},{"filename":"/opt/airflow/dags/retail_pipeline_assets.py","lineno":113,"name":"<module>"},{"filename":"/home/airflow/.local/lib/python3.12/site-packages/airflow/sdk/definitions/dag.py","lineno":1138,"name":"factory"},{"filename":"/opt/airflow/dags/retail_pipeline_assets.py","lineno":107,"name":"retail_pipeline"}]}]}
{"timestamp":"2025-07-23T19:45:13.322607","level":"info","event":"Filling up the DagBag from /opt/airflow/dags/retail_pipeline_assets.py","logger":"airflow.models.dagbag.DagBag"}
{"timestamp":"2025-07-23T19:45:13.521879","level":"error","event":"Failed to import: /opt/airflow/dags/retail_pipeline_assets.py","logger":"airflow.models.dagbag.DagBag","error_detail":[{"exc_type":"TypeError","exc_value":"'AssetDefinition' object is not callable","exc_notes":[],"syntax_error":null,"is_cause":false,"frames":[{"filename":"/home/airflow/.local/lib/python3.12/site-packages/airflow/models/dagbag.py","lineno":384,"name":"parse"},{"filename":"<frozen importlib._bootstrap_external>","lineno":999,"name":"exec_module"},{"filename":"<frozen importlib._bootstrap>","lineno":488,"name":"_call_with_frames_removed"},{"filename":"/opt/airflow/dags/retail_pipeline_assets.py","lineno":113,"name":"<module>"},{"filename":"/home/airflow/.local/lib/python3.12/site-packages/airflow/sdk/definitions/dag.py","lineno":1138,"name":"factory"},{"filename":"/opt/airflow/dags/retail_pipeline_assets.py","lineno":107,"name":"retail_pipeline"}]}]}
{"timestamp":"2025-07-23T19:45:44.146012","level":"info","event":"Filling up the DagBag from /opt/airflow/dags/retail_pipeline_assets.py","logger":"airflow.models.dagbag.DagBag"}
{"timestamp":"2025-07-23T19:45:44.392589","level":"error","event":"Failed to import: /opt/airflow/dags/retail_pipeline_assets.py","logger":"airflow.models.dagbag.DagBag","error_detail":[{"exc_type":"TypeError","exc_value":"'AssetDefinition' object is not callable","exc_notes":[],"syntax_error":null,"is_cause":false,"frames":[{"filename":"/home/airflow/.local/lib/python3.12/site-packages/airflow/models/dagbag.py","lineno":384,"name":"parse"},{"filename":"<frozen importlib._bootstrap_external>","lineno":999,"name":"exec_module"},{"filename":"<frozen importlib._bootstrap>","lineno":488,"name":"_call_with_frames_removed"},{"filename":"/opt/airflow/dags/retail_pipeline_assets.py","lineno":113,"name":"<module>"},{"filename":"/home/airflow/.local/lib/python3.12/site-packages/airflow/sdk/definitions/dag.py","lineno":1138,"name":"factory"},{"filename":"/opt/airflow/dags/retail_pipeline_assets.py","lineno":107,"name":"retail_pipeline"}]}]}
{"timestamp":"2025-07-23T19:46:15.131596","level":"info","event":"Filling up the DagBag from /opt/airflow/dags/retail_pipeline_assets.py","logger":"airflow.models.dagbag.DagBag"}
{"timestamp":"2025-07-23T19:46:15.388098","level":"error","event":"Failed to import: /opt/airflow/dags/retail_pipeline_assets.py","logger":"airflow.models.dagbag.DagBag","error_detail":[{"exc_type":"TypeError","exc_value":"'AssetDefinition' object is not callable","exc_notes":[],"syntax_error":null,"is_cause":false,"frames":[{"filename":"/home/airflow/.local/lib/python3.12/site-packages/airflow/models/dagbag.py","lineno":384,"name":"parse"},{"filename":"<frozen importlib._bootstrap_external>","lineno":999,"name":"exec_module"},{"filename":"<frozen importlib._bootstrap>","lineno":488,"name":"_call_with_frames_removed"},{"filename":"/opt/airflow/dags/retail_pipeline_assets.py","lineno":113,"name":"<module>"},{"filename":"/home/airflow/.local/lib/python3.12/site-packages/airflow/sdk/definitions/dag.py","lineno":1138,"name":"factory"},{"filename":"/opt/airflow/dags/retail_pipeline_assets.py","lineno":107,"name":"retail_pipeline"}]}]}
{"timestamp":"2025-07-23T19:46:45.979752","level":"info","event":"Filling up the DagBag from /opt/airflow/dags/retail_pipeline_assets.py","logger":"airflow.models.dagbag.DagBag"}
{"timestamp":"2025-07-23T19:46:46.211651","level":"error","event":"Failed to import: /opt/airflow/dags/retail_pipeline_assets.py","logger":"airflow.models.dagbag.DagBag","error_detail":[{"exc_type":"TypeError","exc_value":"'AssetDefinition' object is not callable","exc_notes":[],"syntax_error":null,"is_cause":false,"frames":[{"filename":"/home/airflow/.local/lib/python3.12/site-packages/airflow/models/dagbag.py","lineno":384,"name":"parse"},{"filename":"<frozen importlib._bootstrap_external>","lineno":999,"name":"exec_module"},{"filename":"<frozen importlib._bootstrap>","lineno":488,"name":"_call_with_frames_removed"},{"filename":"/opt/airflow/dags/retail_pipeline_assets.py","lineno":113,"name":"<module>"},{"filename":"/home/airflow/.local/lib/python3.12/site-packages/airflow/sdk/definitions/dag.py","lineno":1138,"name":"factory"},{"filename":"/opt/airflow/dags/retail_pipeline_assets.py","lineno":107,"name":"retail_pipeline"}]}]}
{"timestamp":"2025-07-23T19:47:16.927317","level":"info","event":"Filling up the DagBag from /opt/airflow/dags/retail_pipeline_assets.py","logger":"airflow.models.dagbag.DagBag"}
{"timestamp":"2025-07-23T19:47:17.180469","level":"error","event":"Failed to import: /opt/airflow/dags/retail_pipeline_assets.py","logger":"airflow.models.dagbag.DagBag","error_detail":[{"exc_type":"TypeError","exc_value":"'AssetDefinition' object is not callable","exc_notes":[],"syntax_error":null,"is_cause":false,"frames":[{"filename":"/home/airflow/.local/lib/python3.12/site-packages/airflow/models/dagbag.py","lineno":384,"name":"parse"},{"filename":"<frozen importlib._bootstrap_external>","lineno":999,"name":"exec_module"},{"filename":"<frozen importlib._bootstrap>","lineno":488,"name":"_call_with_frames_removed"},{"filename":"/opt/airflow/dags/retail_pipeline_assets.py","lineno":113,"name":"<module>"},{"filename":"/home/airflow/.local/lib/python3.12/site-packages/airflow/sdk/definitions/dag.py","lineno":1138,"name":"factory"},{"filename":"/opt/airflow/dags/retail_pipeline_assets.py","lineno":107,"name":"retail_pipeline"}]}]}
{"timestamp":"2025-07-23T19:47:47.921688","level":"info","event":"Filling up the DagBag from /opt/airflow/dags/retail_pipeline_assets.py","logger":"airflow.models.dagbag.DagBag"}
{"timestamp":"2025-07-23T19:47:48.171314","level":"error","event":"Failed to import: /opt/airflow/dags/retail_pipeline_assets.py","logger":"airflow.models.dagbag.DagBag","error_detail":[{"exc_type":"TypeError","exc_value":"'AssetDefinition' object is not callable","exc_notes":[],"syntax_error":null,"is_cause":false,"frames":[{"filename":"/home/airflow/.local/lib/python3.12/site-packages/airflow/models/dagbag.py","lineno":384,"name":"parse"},{"filename":"<frozen importlib._bootstrap_external>","lineno":999,"name":"exec_module"},{"filename":"<frozen importlib._bootstrap>","lineno":488,"name":"_call_with_frames_removed"},{"filename":"/opt/airflow/dags/retail_pipeline_assets.py","lineno":113,"name":"<module>"},{"filename":"/home/airflow/.local/lib/python3.12/site-packages/airflow/sdk/definitions/dag.py","lineno":1138,"name":"factory"},{"filename":"/opt/airflow/dags/retail_pipeline_assets.py","lineno":107,"name":"retail_pipeline"}]}]}
{"timestamp":"2025-07-23T19:48:18.869368","level":"info","event":"Filling up the DagBag from /opt/airflow/dags/retail_pipeline_assets.py","logger":"airflow.models.dagbag.DagBag"}
{"timestamp":"2025-07-23T19:48:19.096636","level":"error","event":"Failed to import: /opt/airflow/dags/retail_pipeline_assets.py","logger":"airflow.models.dagbag.DagBag","error_detail":[{"exc_type":"TypeError","exc_value":"'AssetDefinition' object is not callable","exc_notes":[],"syntax_error":null,"is_cause":false,"frames":[{"filename":"/home/airflow/.local/lib/python3.12/site-packages/airflow/models/dagbag.py","lineno":384,"name":"parse"},{"filename":"<frozen importlib._bootstrap_external>","lineno":999,"name":"exec_module"},{"filename":"<frozen importlib._bootstrap>","lineno":488,"name":"_call_with_frames_removed"},{"filename":"/opt/airflow/dags/retail_pipeline_assets.py","lineno":113,"name":"<module>"},{"filename":"/home/airflow/.local/lib/python3.12/site-packages/airflow/sdk/definitions/dag.py","lineno":1138,"name":"factory"},{"filename":"/opt/airflow/dags/retail_pipeline_assets.py","lineno":107,"name":"retail_pipeline"}]}]}
{"timestamp":"2025-07-23T19:48:27.489244","level":"info","event":"Filling up the DagBag from /opt/airflow/dags/retail_pipeline_assets.py","logger":"airflow.models.dagbag.DagBag"}
{"timestamp":"2025-07-23T19:48:27.694607","level":"error","event":"Failed to import: /opt/airflow/dags/retail_pipeline_assets.py","logger":"airflow.models.dagbag.DagBag","error_detail":[{"exc_type":"TypeError","exc_value":"'AssetDefinition' object is not callable","exc_notes":[],"syntax_error":null,"is_cause":false,"frames":[{"filename":"/home/airflow/.local/lib/python3.12/site-packages/airflow/models/dagbag.py","lineno":384,"name":"parse"},{"filename":"<frozen importlib._bootstrap_external>","lineno":999,"name":"exec_module"},{"filename":"<frozen importlib._bootstrap>","lineno":488,"name":"_call_with_frames_removed"},{"filename":"/opt/airflow/dags/retail_pipeline_assets.py","lineno":120,"name":"<module>"},{"filename":"/home/airflow/.local/lib/python3.12/site-packages/airflow/sdk/definitions/dag.py","lineno":1138,"name":"factory"},{"filename":"/opt/airflow/dags/retail_pipeline_assets.py","lineno":115,"name":"retail_pipeline"}]}]}
{"timestamp":"2025-07-23T19:48:58.316114","level":"info","event":"Filling up the DagBag from /opt/airflow/dags/retail_pipeline_assets.py","logger":"airflow.models.dagbag.DagBag"}
{"timestamp":"2025-07-23T19:48:58.511055","level":"error","event":"Failed to import: /opt/airflow/dags/retail_pipeline_assets.py","logger":"airflow.models.dagbag.DagBag","error_detail":[{"exc_type":"TypeError","exc_value":"'AssetDefinition' object is not callable","exc_notes":[],"syntax_error":null,"is_cause":false,"frames":[{"filename":"/home/airflow/.local/lib/python3.12/site-packages/airflow/models/dagbag.py","lineno":384,"name":"parse"},{"filename":"<frozen importlib._bootstrap_external>","lineno":999,"name":"exec_module"},{"filename":"<frozen importlib._bootstrap>","lineno":488,"name":"_call_with_frames_removed"},{"filename":"/opt/airflow/dags/retail_pipeline_assets.py","lineno":120,"name":"<module>"},{"filename":"/home/airflow/.local/lib/python3.12/site-packages/airflow/sdk/definitions/dag.py","lineno":1138,"name":"factory"},{"filename":"/opt/airflow/dags/retail_pipeline_assets.py","lineno":115,"name":"retail_pipeline"}]}]}
{"timestamp":"2025-07-23T19:49:29.194520","level":"info","event":"Filling up the DagBag from /opt/airflow/dags/retail_pipeline_assets.py","logger":"airflow.models.dagbag.DagBag"}
{"timestamp":"2025-07-23T19:49:29.388712","level":"error","event":"Failed to import: /opt/airflow/dags/retail_pipeline_assets.py","logger":"airflow.models.dagbag.DagBag","error_detail":[{"exc_type":"TypeError","exc_value":"'AssetDefinition' object is not callable","exc_notes":[],"syntax_error":null,"is_cause":false,"frames":[{"filename":"/home/airflow/.local/lib/python3.12/site-packages/airflow/models/dagbag.py","lineno":384,"name":"parse"},{"filename":"<frozen importlib._bootstrap_external>","lineno":999,"name":"exec_module"},{"filename":"<frozen importlib._bootstrap>","lineno":488,"name":"_call_with_frames_removed"},{"filename":"/opt/airflow/dags/retail_pipeline_assets.py","lineno":120,"name":"<module>"},{"filename":"/home/airflow/.local/lib/python3.12/site-packages/airflow/sdk/definitions/dag.py","lineno":1138,"name":"factory"},{"filename":"/opt/airflow/dags/retail_pipeline_assets.py","lineno":115,"name":"retail_pipeline"}]}]}
{"timestamp":"2025-07-23T19:50:00.068636","level":"info","event":"Filling up the DagBag from /opt/airflow/dags/retail_pipeline_assets.py","logger":"airflow.models.dagbag.DagBag"}
{"timestamp":"2025-07-23T19:50:00.288688","level":"error","event":"Failed to import: /opt/airflow/dags/retail_pipeline_assets.py","logger":"airflow.models.dagbag.DagBag","error_detail":[{"exc_type":"TypeError","exc_value":"'AssetDefinition' object is not callable","exc_notes":[],"syntax_error":null,"is_cause":false,"frames":[{"filename":"/home/airflow/.local/lib/python3.12/site-packages/airflow/models/dagbag.py","lineno":384,"name":"parse"},{"filename":"<frozen importlib._bootstrap_external>","lineno":999,"name":"exec_module"},{"filename":"<frozen importlib._bootstrap>","lineno":488,"name":"_call_with_frames_removed"},{"filename":"/opt/airflow/dags/retail_pipeline_assets.py","lineno":120,"name":"<module>"},{"filename":"/home/airflow/.local/lib/python3.12/site-packages/airflow/sdk/definitions/dag.py","lineno":1138,"name":"factory"},{"filename":"/opt/airflow/dags/retail_pipeline_assets.py","lineno":115,"name":"retail_pipeline"}]}]}
{"timestamp":"2025-07-23T19:50:30.889380","level":"info","event":"Filling up the DagBag from /opt/airflow/dags/retail_pipeline_assets.py","logger":"airflow.models.dagbag.DagBag"}
{"timestamp":"2025-07-23T19:50:31.137694","level":"error","event":"Failed to import: /opt/airflow/dags/retail_pipeline_assets.py","logger":"airflow.models.dagbag.DagBag","error_detail":[{"exc_type":"TypeError","exc_value":"'AssetDefinition' object is not callable","exc_notes":[],"syntax_error":null,"is_cause":false,"frames":[{"filename":"/home/airflow/.local/lib/python3.12/site-packages/airflow/models/dagbag.py","lineno":384,"name":"parse"},{"filename":"<frozen importlib._bootstrap_external>","lineno":999,"name":"exec_module"},{"filename":"<frozen importlib._bootstrap>","lineno":488,"name":"_call_with_frames_removed"},{"filename":"/opt/airflow/dags/retail_pipeline_assets.py","lineno":120,"name":"<module>"},{"filename":"/home/airflow/.local/lib/python3.12/site-packages/airflow/sdk/definitions/dag.py","lineno":1138,"name":"factory"},{"filename":"/opt/airflow/dags/retail_pipeline_assets.py","lineno":115,"name":"retail_pipeline"}]}]}
{"timestamp":"2025-07-23T19:51:01.705727","level":"info","event":"Filling up the DagBag from /opt/airflow/dags/retail_pipeline_assets.py","logger":"airflow.models.dagbag.DagBag"}
{"timestamp":"2025-07-23T19:51:01.938814","level":"error","event":"Failed to import: /opt/airflow/dags/retail_pipeline_assets.py","logger":"airflow.models.dagbag.DagBag","error_detail":[{"exc_type":"TypeError","exc_value":"'AssetDefinition' object is not callable","exc_notes":[],"syntax_error":null,"is_cause":false,"frames":[{"filename":"/home/airflow/.local/lib/python3.12/site-packages/airflow/models/dagbag.py","lineno":384,"name":"parse"},{"filename":"<frozen importlib._bootstrap_external>","lineno":999,"name":"exec_module"},{"filename":"<frozen importlib._bootstrap>","lineno":488,"name":"_call_with_frames_removed"},{"filename":"/opt/airflow/dags/retail_pipeline_assets.py","lineno":120,"name":"<module>"},{"filename":"/home/airflow/.local/lib/python3.12/site-packages/airflow/sdk/definitions/dag.py","lineno":1138,"name":"factory"},{"filename":"/opt/airflow/dags/retail_pipeline_assets.py","lineno":115,"name":"retail_pipeline"}]}]}
{"timestamp":"2025-07-23T19:51:32.606565","level":"info","event":"Filling up the DagBag from /opt/airflow/dags/retail_pipeline_assets.py","logger":"airflow.models.dagbag.DagBag"}
{"timestamp":"2025-07-23T19:51:32.827520","level":"error","event":"Failed to import: /opt/airflow/dags/retail_pipeline_assets.py","logger":"airflow.models.dagbag.DagBag","error_detail":[{"exc_type":"TypeError","exc_value":"'AssetDefinition' object is not callable","exc_notes":[],"syntax_error":null,"is_cause":false,"frames":[{"filename":"/home/airflow/.local/lib/python3.12/site-packages/airflow/models/dagbag.py","lineno":384,"name":"parse"},{"filename":"<frozen importlib._bootstrap_external>","lineno":999,"name":"exec_module"},{"filename":"<frozen importlib._bootstrap>","lineno":488,"name":"_call_with_frames_removed"},{"filename":"/opt/airflow/dags/retail_pipeline_assets.py","lineno":120,"name":"<module>"},{"filename":"/home/airflow/.local/lib/python3.12/site-packages/airflow/sdk/definitions/dag.py","lineno":1138,"name":"factory"},{"filename":"/opt/airflow/dags/retail_pipeline_assets.py","lineno":115,"name":"retail_pipeline"}]}]}
{"timestamp":"2025-07-23T19:52:03.551838","level":"info","event":"Filling up the DagBag from /opt/airflow/dags/retail_pipeline_assets.py","logger":"airflow.models.dagbag.DagBag"}
{"timestamp":"2025-07-23T19:52:03.767438","level":"error","event":"Failed to import: /opt/airflow/dags/retail_pipeline_assets.py","logger":"airflow.models.dagbag.DagBag","error_detail":[{"exc_type":"TypeError","exc_value":"'AssetDefinition' object is not callable","exc_notes":[],"syntax_error":null,"is_cause":false,"frames":[{"filename":"/home/airflow/.local/lib/python3.12/site-packages/airflow/models/dagbag.py","lineno":384,"name":"parse"},{"filename":"<frozen importlib._bootstrap_external>","lineno":999,"name":"exec_module"},{"filename":"<frozen importlib._bootstrap>","lineno":488,"name":"_call_with_frames_removed"},{"filename":"/opt/airflow/dags/retail_pipeline_assets.py","lineno":120,"name":"<module>"},{"filename":"/home/airflow/.local/lib/python3.12/site-packages/airflow/sdk/definitions/dag.py","lineno":1138,"name":"factory"},{"filename":"/opt/airflow/dags/retail_pipeline_assets.py","lineno":115,"name":"retail_pipeline"}]}]}
{"timestamp":"2025-07-23T19:52:34.785639","level":"info","event":"Filling up the DagBag from /opt/airflow/dags/retail_pipeline_assets.py","logger":"airflow.models.dagbag.DagBag"}
{"timestamp":"2025-07-23T19:52:35.144682","level":"error","event":"Failed to import: /opt/airflow/dags/retail_pipeline_assets.py","logger":"airflow.models.dagbag.DagBag","error_detail":[{"exc_type":"TypeError","exc_value":"'AssetDefinition' object is not callable","exc_notes":[],"syntax_error":null,"is_cause":false,"frames":[{"filename":"/home/airflow/.local/lib/python3.12/site-packages/airflow/models/dagbag.py","lineno":384,"name":"parse"},{"filename":"<frozen importlib._bootstrap_external>","lineno":999,"name":"exec_module"},{"filename":"<frozen importlib._bootstrap>","lineno":488,"name":"_call_with_frames_removed"},{"filename":"/opt/airflow/dags/retail_pipeline_assets.py","lineno":120,"name":"<module>"},{"filename":"/home/airflow/.local/lib/python3.12/site-packages/airflow/sdk/definitions/dag.py","lineno":1138,"name":"factory"},{"filename":"/opt/airflow/dags/retail_pipeline_assets.py","lineno":115,"name":"retail_pipeline"}]}]}
{"timestamp":"2025-07-23T19:55:38.218364","level":"info","event":"Filling up the DagBag from /opt/airflow/dags/retail_pipeline_assets.py","logger":"airflow.models.dagbag.DagBag"}
{"timestamp":"2025-07-23T19:58:44.407719","level":"info","event":"Filling up the DagBag from /opt/airflow/dags/retail_pipeline_assets.py","logger":"airflow.models.dagbag.DagBag"}
{"timestamp":"2025-07-23T19:58:44.848861","level":"error","event":"Failed to import: /opt/airflow/dags/retail_pipeline_assets.py","logger":"airflow.models.dagbag.DagBag","error_detail":[{"exc_type":"TypeError","exc_value":"'AssetDefinition' object is not callable","exc_notes":[],"syntax_error":null,"is_cause":false,"frames":[{"filename":"/home/airflow/.local/lib/python3.12/site-packages/airflow/models/dagbag.py","lineno":384,"name":"parse"},{"filename":"<frozen importlib._bootstrap_external>","lineno":999,"name":"exec_module"},{"filename":"<frozen importlib._bootstrap>","lineno":488,"name":"_call_with_frames_removed"},{"filename":"/opt/airflow/dags/retail_pipeline_assets.py","lineno":106,"name":"<module>"},{"filename":"/home/airflow/.local/lib/python3.12/site-packages/airflow/sdk/definitions/dag.py","lineno":1138,"name":"factory"},{"filename":"/opt/airflow/dags/retail_pipeline_assets.py","lineno":95,"name":"retail_pipeline"}]}]}
{"timestamp":"2025-07-23T19:59:15.288814","level":"info","event":"Filling up the DagBag from /opt/airflow/dags/retail_pipeline_assets.py","logger":"airflow.models.dagbag.DagBag"}
{"timestamp":"2025-07-23T19:59:15.474301","level":"error","event":"Failed to import: /opt/airflow/dags/retail_pipeline_assets.py","logger":"airflow.models.dagbag.DagBag","error_detail":[{"exc_type":"TypeError","exc_value":"'AssetDefinition' object is not callable","exc_notes":[],"syntax_error":null,"is_cause":false,"frames":[{"filename":"/home/airflow/.local/lib/python3.12/site-packages/airflow/models/dagbag.py","lineno":384,"name":"parse"},{"filename":"<frozen importlib._bootstrap_external>","lineno":999,"name":"exec_module"},{"filename":"<frozen importlib._bootstrap>","lineno":488,"name":"_call_with_frames_removed"},{"filename":"/opt/airflow/dags/retail_pipeline_assets.py","lineno":106,"name":"<module>"},{"filename":"/home/airflow/.local/lib/python3.12/site-packages/airflow/sdk/definitions/dag.py","lineno":1138,"name":"factory"},{"filename":"/opt/airflow/dags/retail_pipeline_assets.py","lineno":95,"name":"retail_pipeline"}]}]}
{"timestamp":"2025-07-23T19:59:45.869545","level":"info","event":"Filling up the DagBag from /opt/airflow/dags/retail_pipeline_assets.py","logger":"airflow.models.dagbag.DagBag"}
{"timestamp":"2025-07-23T19:59:46.115024","level":"error","event":"Failed to import: /opt/airflow/dags/retail_pipeline_assets.py","logger":"airflow.models.dagbag.DagBag","error_detail":[{"exc_type":"TypeError","exc_value":"'AssetDefinition' object is not callable","exc_notes":[],"syntax_error":null,"is_cause":false,"frames":[{"filename":"/home/airflow/.local/lib/python3.12/site-packages/airflow/models/dagbag.py","lineno":384,"name":"parse"},{"filename":"<frozen importlib._bootstrap_external>","lineno":999,"name":"exec_module"},{"filename":"<frozen importlib._bootstrap>","lineno":488,"name":"_call_with_frames_removed"},{"filename":"/opt/airflow/dags/retail_pipeline_assets.py","lineno":106,"name":"<module>"},{"filename":"/home/airflow/.local/lib/python3.12/site-packages/airflow/sdk/definitions/dag.py","lineno":1138,"name":"factory"},{"filename":"/opt/airflow/dags/retail_pipeline_assets.py","lineno":95,"name":"retail_pipeline"}]}]}
{"timestamp":"2025-07-23T20:00:16.538777","level":"info","event":"Filling up the DagBag from /opt/airflow/dags/retail_pipeline_assets.py","logger":"airflow.models.dagbag.DagBag"}
{"timestamp":"2025-07-23T20:00:16.720186","level":"error","event":"Failed to import: /opt/airflow/dags/retail_pipeline_assets.py","logger":"airflow.models.dagbag.DagBag","error_detail":[{"exc_type":"TypeError","exc_value":"'AssetDefinition' object is not callable","exc_notes":[],"syntax_error":null,"is_cause":false,"frames":[{"filename":"/home/airflow/.local/lib/python3.12/site-packages/airflow/models/dagbag.py","lineno":384,"name":"parse"},{"filename":"<frozen importlib._bootstrap_external>","lineno":999,"name":"exec_module"},{"filename":"<frozen importlib._bootstrap>","lineno":488,"name":"_call_with_frames_removed"},{"filename":"/opt/airflow/dags/retail_pipeline_assets.py","lineno":106,"name":"<module>"},{"filename":"/home/airflow/.local/lib/python3.12/site-packages/airflow/sdk/definitions/dag.py","lineno":1138,"name":"factory"},{"filename":"/opt/airflow/dags/retail_pipeline_assets.py","lineno":95,"name":"retail_pipeline"}]}]}
{"timestamp":"2025-07-23T20:00:47.145678","level":"info","event":"Filling up the DagBag from /opt/airflow/dags/retail_pipeline_assets.py","logger":"airflow.models.dagbag.DagBag"}
{"timestamp":"2025-07-23T20:00:47.351651","level":"error","event":"Failed to import: /opt/airflow/dags/retail_pipeline_assets.py","logger":"airflow.models.dagbag.DagBag","error_detail":[{"exc_type":"TypeError","exc_value":"'AssetDefinition' object is not callable","exc_notes":[],"syntax_error":null,"is_cause":false,"frames":[{"filename":"/home/airflow/.local/lib/python3.12/site-packages/airflow/models/dagbag.py","lineno":384,"name":"parse"},{"filename":"<frozen importlib._bootstrap_external>","lineno":999,"name":"exec_module"},{"filename":"<frozen importlib._bootstrap>","lineno":488,"name":"_call_with_frames_removed"},{"filename":"/opt/airflow/dags/retail_pipeline_assets.py","lineno":106,"name":"<module>"},{"filename":"/home/airflow/.local/lib/python3.12/site-packages/airflow/sdk/definitions/dag.py","lineno":1138,"name":"factory"},{"filename":"/opt/airflow/dags/retail_pipeline_assets.py","lineno":95,"name":"retail_pipeline"}]}]}
{"timestamp":"2025-07-23T20:00:53.496282","level":"info","event":"Filling up the DagBag from /opt/airflow/dags/retail_pipeline_assets.py","logger":"airflow.models.dagbag.DagBag"}
{"timestamp":"2025-07-23T20:01:24.412433","level":"info","event":"Filling up the DagBag from /opt/airflow/dags/retail_pipeline_assets.py","logger":"airflow.models.dagbag.DagBag"}
{"timestamp":"2025-07-23T20:01:55.674927","level":"info","event":"Filling up the DagBag from /opt/airflow/dags/retail_pipeline_assets.py","logger":"airflow.models.dagbag.DagBag"}
{"timestamp":"2025-07-23T20:02:26.585136","level":"info","event":"Filling up the DagBag from /opt/airflow/dags/retail_pipeline_assets.py","logger":"airflow.models.dagbag.DagBag"}
{"timestamp":"2025-07-23T20:02:57.448030","level":"info","event":"Filling up the DagBag from /opt/airflow/dags/retail_pipeline_assets.py","logger":"airflow.models.dagbag.DagBag"}
{"timestamp":"2025-07-23T20:03:16.929708","level":"info","event":"Filling up the DagBag from /opt/airflow/dags/retail_pipeline_assets.py","logger":"airflow.models.dagbag.DagBag"}
{"timestamp":"2025-07-23T20:03:47.769971","level":"info","event":"Filling up the DagBag from /opt/airflow/dags/retail_pipeline_assets.py","logger":"airflow.models.dagbag.DagBag"}
{"timestamp":"2025-07-23T20:04:18.641555","level":"info","event":"Filling up the DagBag from /opt/airflow/dags/retail_pipeline_assets.py","logger":"airflow.models.dagbag.DagBag"}
{"timestamp":"2025-07-23T20:04:49.494998","level":"info","event":"Filling up the DagBag from /opt/airflow/dags/retail_pipeline_assets.py","logger":"airflow.models.dagbag.DagBag"}
{"timestamp":"2025-07-23T20:05:20.344673","level":"info","event":"Filling up the DagBag from /opt/airflow/dags/retail_pipeline_assets.py","logger":"airflow.models.dagbag.DagBag"}
{"timestamp":"2025-07-23T20:05:51.328840","level":"info","event":"Filling up the DagBag from /opt/airflow/dags/retail_pipeline_assets.py","logger":"airflow.models.dagbag.DagBag"}
{"timestamp":"2025-07-23T20:06:22.160989","level":"info","event":"Filling up the DagBag from /opt/airflow/dags/retail_pipeline_assets.py","logger":"airflow.models.dagbag.DagBag"}
{"timestamp":"2025-07-23T20:06:24.550819","level":"info","event":"Filling up the DagBag from /opt/airflow/dags/retail_pipeline_assets.py","logger":"airflow.models.dagbag.DagBag"}
{"timestamp":"2025-07-23T20:06:55.505272","level":"info","event":"Filling up the DagBag from /opt/airflow/dags/retail_pipeline_assets.py","logger":"airflow.models.dagbag.DagBag"}
{"timestamp":"2025-07-23T20:07:26.324528","level":"info","event":"Filling up the DagBag from /opt/airflow/dags/retail_pipeline_assets.py","logger":"airflow.models.dagbag.DagBag"}
{"timestamp":"2025-07-23T20:07:38.100137","level":"info","event":"Filling up the DagBag from /opt/airflow/dags/retail_pipeline_assets.py","logger":"airflow.models.dagbag.DagBag"}
{"timestamp":"2025-07-23T20:08:09.056406","level":"info","event":"Filling up the DagBag from /opt/airflow/dags/retail_pipeline_assets.py","logger":"airflow.models.dagbag.DagBag"}
{"timestamp":"2025-07-23T20:08:40.031423","level":"info","event":"Filling up the DagBag from /opt/airflow/dags/retail_pipeline_assets.py","logger":"airflow.models.dagbag.DagBag"}
{"timestamp":"2025-07-23T20:09:10.913712","level":"info","event":"Filling up the DagBag from /opt/airflow/dags/retail_pipeline_assets.py","logger":"airflow.models.dagbag.DagBag"}
{"timestamp":"2025-07-23T20:09:41.774383","level":"info","event":"Filling up the DagBag from /opt/airflow/dags/retail_pipeline_assets.py","logger":"airflow.models.dagbag.DagBag"}
{"timestamp":"2025-07-23T20:10:12.761094","level":"info","event":"Filling up the DagBag from /opt/airflow/dags/retail_pipeline_assets.py","logger":"airflow.models.dagbag.DagBag"}
{"timestamp":"2025-07-23T20:10:43.671240","level":"info","event":"Filling up the DagBag from /opt/airflow/dags/retail_pipeline_assets.py","logger":"airflow.models.dagbag.DagBag"}
{"timestamp":"2025-07-23T20:11:14.635559","level":"info","event":"Filling up the DagBag from /opt/airflow/dags/retail_pipeline_assets.py","logger":"airflow.models.dagbag.DagBag"}
{"timestamp":"2025-07-23T20:11:45.606802","level":"info","event":"Filling up the DagBag from /opt/airflow/dags/retail_pipeline_assets.py","logger":"airflow.models.dagbag.DagBag"}
{"timestamp":"2025-07-23T20:12:16.658822","level":"info","event":"Filling up the DagBag from /opt/airflow/dags/retail_pipeline_assets.py","logger":"airflow.models.dagbag.DagBag"}
{"timestamp":"2025-07-23T20:12:47.586239","level":"info","event":"Filling up the DagBag from /opt/airflow/dags/retail_pipeline_assets.py","logger":"airflow.models.dagbag.DagBag"}
{"timestamp":"2025-07-23T20:13:18.461213","level":"info","event":"Filling up the DagBag from /opt/airflow/dags/retail_pipeline_assets.py","logger":"airflow.models.dagbag.DagBag"}
{"timestamp":"2025-07-23T20:13:49.389522","level":"info","event":"Filling up the DagBag from /opt/airflow/dags/retail_pipeline_assets.py","logger":"airflow.models.dagbag.DagBag"}
{"timestamp":"2025-07-23T20:14:20.432274","level":"info","event":"Filling up the DagBag from /opt/airflow/dags/retail_pipeline_assets.py","logger":"airflow.models.dagbag.DagBag"}
{"timestamp":"2025-07-23T20:14:51.261315","level":"info","event":"Filling up the DagBag from /opt/airflow/dags/retail_pipeline_assets.py","logger":"airflow.models.dagbag.DagBag"}
{"timestamp":"2025-07-23T20:15:22.066421","level":"info","event":"Filling up the DagBag from /opt/airflow/dags/retail_pipeline_assets.py","logger":"airflow.models.dagbag.DagBag"}
{"timestamp":"2025-07-23T20:15:37.494861","level":"info","event":"Filling up the DagBag from /opt/airflow/dags/retail_pipeline_assets.py","logger":"airflow.models.dagbag.DagBag"}
{"timestamp":"2025-07-23T20:16:08.551732","level":"info","event":"Filling up the DagBag from /opt/airflow/dags/retail_pipeline_assets.py","logger":"airflow.models.dagbag.DagBag"}
{"timestamp":"2025-07-23T20:16:37.525888","level":"info","event":"Filling up the DagBag from /opt/airflow/dags/retail_pipeline_assets.py","logger":"airflow.models.dagbag.DagBag"}
{"timestamp":"2025-07-23T20:17:08.415410","level":"info","event":"Filling up the DagBag from /opt/airflow/dags/retail_pipeline_assets.py","logger":"airflow.models.dagbag.DagBag"}
{"timestamp":"2025-07-23T20:17:39.291325","level":"info","event":"Filling up the DagBag from /opt/airflow/dags/retail_pipeline_assets.py","logger":"airflow.models.dagbag.DagBag"}
{"timestamp":"2025-07-23T20:18:10.177076","level":"info","event":"Filling up the DagBag from /opt/airflow/dags/retail_pipeline_assets.py","logger":"airflow.models.dagbag.DagBag"}
{"timestamp":"2025-07-23T20:18:41.037757","level":"info","event":"Filling up the DagBag from /opt/airflow/dags/retail_pipeline_assets.py","logger":"airflow.models.dagbag.DagBag"}
{"timestamp":"2025-07-23T20:19:11.940524","level":"info","event":"Filling up the DagBag from /opt/airflow/dags/retail_pipeline_assets.py","logger":"airflow.models.dagbag.DagBag"}
{"timestamp":"2025-07-23T20:19:42.835220","level":"info","event":"Filling up the DagBag from /opt/airflow/dags/retail_pipeline_assets.py","logger":"airflow.models.dagbag.DagBag"}
{"timestamp":"2025-07-23T20:20:13.990685","level":"info","event":"Filling up the DagBag from /opt/airflow/dags/retail_pipeline_assets.py","logger":"airflow.models.dagbag.DagBag"}
{"timestamp":"2025-07-23T20:20:44.905759","level":"info","event":"Filling up the DagBag from /opt/airflow/dags/retail_pipeline_assets.py","logger":"airflow.models.dagbag.DagBag"}
{"timestamp":"2025-07-23T20:21:16.012927","level":"info","event":"Filling up the DagBag from /opt/airflow/dags/retail_pipeline_assets.py","logger":"airflow.models.dagbag.DagBag"}
{"timestamp":"2025-07-23T20:21:46.842039","level":"info","event":"Filling up the DagBag from /opt/airflow/dags/retail_pipeline_assets.py","logger":"airflow.models.dagbag.DagBag"}
{"timestamp":"2025-07-23T20:22:17.686455","level":"info","event":"Filling up the DagBag from /opt/airflow/dags/retail_pipeline_assets.py","logger":"airflow.models.dagbag.DagBag"}
{"timestamp":"2025-07-23T20:22:48.572441","level":"info","event":"Filling up the DagBag from /opt/airflow/dags/retail_pipeline_assets.py","logger":"airflow.models.dagbag.DagBag"}
{"timestamp":"2025-07-23T20:23:19.568142","level":"info","event":"Filling up the DagBag from /opt/airflow/dags/retail_pipeline_assets.py","logger":"airflow.models.dagbag.DagBag"}
{"timestamp":"2025-07-23T20:23:50.401537","level":"info","event":"Filling up the DagBag from /opt/airflow/dags/retail_pipeline_assets.py","logger":"airflow.models.dagbag.DagBag"}
{"timestamp":"2025-07-23T20:24:21.285839","level":"info","event":"Filling up the DagBag from /opt/airflow/dags/retail_pipeline_assets.py","logger":"airflow.models.dagbag.DagBag"}
{"timestamp":"2025-07-23T20:24:52.280479","level":"info","event":"Filling up the DagBag from /opt/airflow/dags/retail_pipeline_assets.py","logger":"airflow.models.dagbag.DagBag"}
{"timestamp":"2025-07-23T20:25:23.440552","level":"info","event":"Filling up the DagBag from /opt/airflow/dags/retail_pipeline_assets.py","logger":"airflow.models.dagbag.DagBag"}
{"timestamp":"2025-07-23T20:25:54.351426","level":"info","event":"Filling up the DagBag from /opt/airflow/dags/retail_pipeline_assets.py","logger":"airflow.models.dagbag.DagBag"}
{"timestamp":"2025-07-23T20:26:25.331597","level":"info","event":"Filling up the DagBag from /opt/airflow/dags/retail_pipeline_assets.py","logger":"airflow.models.dagbag.DagBag"}
{"timestamp":"2025-07-23T20:26:56.148105","level":"info","event":"Filling up the DagBag from /opt/airflow/dags/retail_pipeline_assets.py","logger":"airflow.models.dagbag.DagBag"}
{"timestamp":"2025-07-23T20:27:27.108881","level":"info","event":"Filling up the DagBag from /opt/airflow/dags/retail_pipeline_assets.py","logger":"airflow.models.dagbag.DagBag"}
{"timestamp":"2025-07-23T20:27:57.902659","level":"info","event":"Filling up the DagBag from /opt/airflow/dags/retail_pipeline_assets.py","logger":"airflow.models.dagbag.DagBag"}
{"timestamp":"2025-07-23T20:28:28.719716","level":"info","event":"Filling up the DagBag from /opt/airflow/dags/retail_pipeline_assets.py","logger":"airflow.models.dagbag.DagBag"}
{"timestamp":"2025-07-23T20:29:16.244951","level":"info","event":"Filling up the DagBag from /opt/airflow/dags/retail_pipeline_assets.py","logger":"airflow.models.dagbag.DagBag"}
{"timestamp":"2025-07-23T20:29:47.092899","level":"info","event":"Filling up the DagBag from /opt/airflow/dags/retail_pipeline_assets.py","logger":"airflow.models.dagbag.DagBag"}
{"timestamp":"2025-07-23T20:30:17.761155","level":"info","event":"Filling up the DagBag from /opt/airflow/dags/retail_pipeline_assets.py","logger":"airflow.models.dagbag.DagBag"}
{"timestamp":"2025-07-23T20:30:48.354108","level":"info","event":"Filling up the DagBag from /opt/airflow/dags/retail_pipeline_assets.py","logger":"airflow.models.dagbag.DagBag"}
{"timestamp":"2025-07-23T20:31:18.883528","level":"info","event":"Filling up the DagBag from /opt/airflow/dags/retail_pipeline_assets.py","logger":"airflow.models.dagbag.DagBag"}
{"timestamp":"2025-07-23T20:31:49.398592","level":"info","event":"Filling up the DagBag from /opt/airflow/dags/retail_pipeline_assets.py","logger":"airflow.models.dagbag.DagBag"}
{"timestamp":"2025-07-23T20:32:19.982798","level":"info","event":"Filling up the DagBag from /opt/airflow/dags/retail_pipeline_assets.py","logger":"airflow.models.dagbag.DagBag"}
{"timestamp":"2025-07-23T20:32:50.617978","level":"info","event":"Filling up the DagBag from /opt/airflow/dags/retail_pipeline_assets.py","logger":"airflow.models.dagbag.DagBag"}
{"timestamp":"2025-07-23T20:33:21.220747","level":"info","event":"Filling up the DagBag from /opt/airflow/dags/retail_pipeline_assets.py","logger":"airflow.models.dagbag.DagBag"}
{"timestamp":"2025-07-23T20:33:51.819873","level":"info","event":"Filling up the DagBag from /opt/airflow/dags/retail_pipeline_assets.py","logger":"airflow.models.dagbag.DagBag"}
{"timestamp":"2025-07-23T20:34:22.642359","level":"info","event":"Filling up the DagBag from /opt/airflow/dags/retail_pipeline_assets.py","logger":"airflow.models.dagbag.DagBag"}
{"timestamp":"2025-07-23T20:34:53.246915","level":"info","event":"Filling up the DagBag from /opt/airflow/dags/retail_pipeline_assets.py","logger":"airflow.models.dagbag.DagBag"}
{"timestamp":"2025-07-23T20:35:23.853276","level":"info","event":"Filling up the DagBag from /opt/airflow/dags/retail_pipeline_assets.py","logger":"airflow.models.dagbag.DagBag"}
{"timestamp":"2025-07-23T20:35:54.507766","level":"info","event":"Filling up the DagBag from /opt/airflow/dags/retail_pipeline_assets.py","logger":"airflow.models.dagbag.DagBag"}
{"timestamp":"2025-07-23T20:36:57.560967","level":"info","event":"Filling up the DagBag from /opt/airflow/dags/retail_pipeline_assets.py","logger":"airflow.models.dagbag.DagBag"}
{"timestamp":"2025-07-23T20:37:28.412980","level":"info","event":"Filling up the DagBag from /opt/airflow/dags/retail_pipeline_assets.py","logger":"airflow.models.dagbag.DagBag"}
{"timestamp":"2025-07-23T20:37:58.992316","level":"info","event":"Filling up the DagBag from /opt/airflow/dags/retail_pipeline_assets.py","logger":"airflow.models.dagbag.DagBag"}
{"timestamp":"2025-07-23T20:38:29.588640","level":"info","event":"Filling up the DagBag from /opt/airflow/dags/retail_pipeline_assets.py","logger":"airflow.models.dagbag.DagBag"}
{"timestamp":"2025-07-23T20:39:18.102646","level":"info","event":"Filling up the DagBag from /opt/airflow/dags/retail_pipeline_assets.py","logger":"airflow.models.dagbag.DagBag"}
{"timestamp":"2025-07-23T20:39:48.809547","level":"info","event":"Filling up the DagBag from /opt/airflow/dags/retail_pipeline_assets.py","logger":"airflow.models.dagbag.DagBag"}
{"timestamp":"2025-07-23T20:40:19.425022","level":"info","event":"Filling up the DagBag from /opt/airflow/dags/retail_pipeline_assets.py","logger":"airflow.models.dagbag.DagBag"}
{"timestamp":"2025-07-23T20:40:49.990098","level":"info","event":"Filling up the DagBag from /opt/airflow/dags/retail_pipeline_assets.py","logger":"airflow.models.dagbag.DagBag"}
{"timestamp":"2025-07-23T20:41:20.616746","level":"info","event":"Filling up the DagBag from /opt/airflow/dags/retail_pipeline_assets.py","logger":"airflow.models.dagbag.DagBag"}
{"timestamp":"2025-07-23T20:41:51.160095","level":"info","event":"Filling up the DagBag from /opt/airflow/dags/retail_pipeline_assets.py","logger":"airflow.models.dagbag.DagBag"}
{"timestamp":"2025-07-23T20:42:21.786265","level":"info","event":"Filling up the DagBag from /opt/airflow/dags/retail_pipeline_assets.py","logger":"airflow.models.dagbag.DagBag"}
{"timestamp":"2025-07-23T20:42:52.406799","level":"info","event":"Filling up the DagBag from /opt/airflow/dags/retail_pipeline_assets.py","logger":"airflow.models.dagbag.DagBag"}
{"timestamp":"2025-07-23T20:43:58.532205","level":"info","event":"Filling up the DagBag from /opt/airflow/dags/retail_pipeline_assets.py","logger":"airflow.models.dagbag.DagBag"}
{"timestamp":"2025-07-23T20:44:31.099682","level":"info","event":"Filling up the DagBag from /opt/airflow/dags/retail_pipeline_assets.py","logger":"airflow.models.dagbag.DagBag"}
{"timestamp":"2025-07-23T20:45:01.726315","level":"info","event":"Filling up the DagBag from /opt/airflow/dags/retail_pipeline_assets.py","logger":"airflow.models.dagbag.DagBag"}
{"timestamp":"2025-07-23T20:45:32.427570","level":"info","event":"Filling up the DagBag from /opt/airflow/dags/retail_pipeline_assets.py","logger":"airflow.models.dagbag.DagBag"}
{"timestamp":"2025-07-23T20:46:03.027481","level":"info","event":"Filling up the DagBag from /opt/airflow/dags/retail_pipeline_assets.py","logger":"airflow.models.dagbag.DagBag"}
{"timestamp":"2025-07-23T20:46:33.609257","level":"info","event":"Filling up the DagBag from /opt/airflow/dags/retail_pipeline_assets.py","logger":"airflow.models.dagbag.DagBag"}
{"timestamp":"2025-07-23T20:47:04.271894","level":"info","event":"Filling up the DagBag from /opt/airflow/dags/retail_pipeline_assets.py","logger":"airflow.models.dagbag.DagBag"}
{"timestamp":"2025-07-23T20:47:34.884955","level":"info","event":"Filling up the DagBag from /opt/airflow/dags/retail_pipeline_assets.py","logger":"airflow.models.dagbag.DagBag"}
{"timestamp":"2025-07-23T20:48:05.472640","level":"info","event":"Filling up the DagBag from /opt/airflow/dags/retail_pipeline_assets.py","logger":"airflow.models.dagbag.DagBag"}
{"timestamp":"2025-07-23T20:48:36.070070","level":"info","event":"Filling up the DagBag from /opt/airflow/dags/retail_pipeline_assets.py","logger":"airflow.models.dagbag.DagBag"}
{"timestamp":"2025-07-23T20:49:06.684648","level":"info","event":"Filling up the DagBag from /opt/airflow/dags/retail_pipeline_assets.py","logger":"airflow.models.dagbag.DagBag"}
{"timestamp":"2025-07-23T20:51:13.210262","level":"info","event":"Filling up the DagBag from /opt/airflow/dags/retail_pipeline_assets.py","logger":"airflow.models.dagbag.DagBag"}
{"timestamp":"2025-07-23T20:51:44.064223","level":"info","event":"Filling up the DagBag from /opt/airflow/dags/retail_pipeline_assets.py","logger":"airflow.models.dagbag.DagBag"}
{"timestamp":"2025-07-23T20:52:14.776869","level":"info","event":"Filling up the DagBag from /opt/airflow/dags/retail_pipeline_assets.py","logger":"airflow.models.dagbag.DagBag"}
{"timestamp":"2025-07-23T20:52:45.493281","level":"info","event":"Filling up the DagBag from /opt/airflow/dags/retail_pipeline_assets.py","logger":"airflow.models.dagbag.DagBag"}
{"timestamp":"2025-07-23T20:53:16.130764","level":"info","event":"Filling up the DagBag from /opt/airflow/dags/retail_pipeline_assets.py","logger":"airflow.models.dagbag.DagBag"}
{"timestamp":"2025-07-23T20:53:46.759519","level":"info","event":"Filling up the DagBag from /opt/airflow/dags/retail_pipeline_assets.py","logger":"airflow.models.dagbag.DagBag"}
{"timestamp":"2025-07-23T20:54:17.336209","level":"info","event":"Filling up the DagBag from /opt/airflow/dags/retail_pipeline_assets.py","logger":"airflow.models.dagbag.DagBag"}
{"timestamp":"2025-07-23T20:54:47.982290","level":"info","event":"Filling up the DagBag from /opt/airflow/dags/retail_pipeline_assets.py","logger":"airflow.models.dagbag.DagBag"}
{"timestamp":"2025-07-23T20:55:18.678689","level":"info","event":"Filling up the DagBag from /opt/airflow/dags/retail_pipeline_assets.py","logger":"airflow.models.dagbag.DagBag"}
{"timestamp":"2025-07-23T20:55:49.322792","level":"info","event":"Filling up the DagBag from /opt/airflow/dags/retail_pipeline_assets.py","logger":"airflow.models.dagbag.DagBag"}
{"timestamp":"2025-07-23T20:56:19.989717","level":"info","event":"Filling up the DagBag from /opt/airflow/dags/retail_pipeline_assets.py","logger":"airflow.models.dagbag.DagBag"}
